<?xml version="1.0" encoding="utf-8" ?>
<!DOCTYPE html PUBLIC "-//W3C//DTD XHTML 1.0 Strict//EN"
        "http://www.w3.org/TR/xhtml1/DTD/xhtml1-strict.dtd">
<html xmlns="http://www.w3.org/1999/xhtml" xml:lang="" lang="">
<head>
  <title>Test Results Report - Log Output</title>
  <meta http-equiv="Content-Type" content="text/html;charset=utf-8" />
  <meta name="description" content="TestNG unit test results." />
  <link href="reportng.css" rel="stylesheet" type="text/css" />
  </head>
<body>
  <h1>Log Output</h1>
  <p>
    Combined output from all calls to the log methods of the <a href="http://testng.org/javadocs/org/testng/Reporter.html">TestNG Reporter</a>.    
  </p>

  <div id="log">
                  Test started :&nbsp; Entity Master<br />
                        Completed Executing : TestBase.initializeTestBaseSetup<br />
                        Completed Executing : TC001_EntityMasterUploadData.setUp<br />
                        Completed Executing : TestBase.beforeMethod<br />
                        Test Case Name : Login<br />
                        Test Method Resides : Module.GeneralSetup.TC001_EntityMasterUploadData<br />
                        Test Status : STARTED<br />
                        Completed Executing : TC001_EntityMasterUploadData.Login<br />
                        Test Case Name : Login<br />
                        Test Method Resides : Module.GeneralSetup.TC001_EntityMasterUploadData<br />
                        Test Status : PASSED<br />
                        Completed Executing : TestBase.afterMethod<br />
                        Completed Executing : TestBase.beforeMethod<br />
                        Test Case Name : Target_Page<br />
                        Test Method Resides : Module.GeneralSetup.TC001_EntityMasterUploadData<br />
                        Test Status : STARTED<br />
                        Target page is open successfully<br />
                        Completed Executing : TC001_EntityMasterUploadData.Target_Page<br />
                        Test Case Name : Target_Page<br />
                        Test Method Resides : Module.GeneralSetup.TC001_EntityMasterUploadData<br />
                        Test Status : PASSED<br />
                        Completed Executing : TestBase.afterMethod<br />
                        Completed Executing : TestBase.beforeMethod<br />
                        Test Case Name : AddNew_Button<br />
                        Test Method Resides : Module.GeneralSetup.TC001_EntityMasterUploadData<br />
                        Test Status : STARTED<br />
                        Add New Button is working properly<br />
                        Completed Executing : TC001_EntityMasterUploadData.AddNew_Button<br />
                        Test Case Name : AddNew_Button<br />
                        Test Method Resides : Module.GeneralSetup.TC001_EntityMasterUploadData<br />
                        Test Status : PASSED<br />
                        Completed Executing : TestBase.afterMethod<br />
                        Completed Executing : TestBase.beforeMethod<br />
                        Test Case Name : Data_Upload<br />
                        Test Method Resides : Module.GeneralSetup.TC001_EntityMasterUploadData<br />
                        Test Method had the following parameters : nullCCWH,OrganizD,Organization level Entry5,Group Level Entry,12/09/2017,No,Yes,<br />
                        Test Status : STARTED<br />
                        Entity Master Data added successfully<br />
                        Completed Executing : TC001_EntityMasterUploadData.Data_Upload<br />
                        Test Case Name : Data_Upload<br />
                        Test Method Resides : Module.GeneralSetup.TC001_EntityMasterUploadData<br />
                        Test Method had the following parameters : nullCCWH,OrganizD,Organization level Entry5,Group Level Entry,12/09/2017,No,Yes,<br />
                        Test Status : PASSED<br />
                        Completed Executing : TestBase.afterMethod<br />
                        Completed Executing : TestBase.endTest<br />
                        Test finished : Entity Master<br />
                        Test started :&nbsp; Organizational Unit Master<br />
                        Completed Executing : TestBase.initializeTestBaseSetup<br />
                        Completed Executing : TC002_OrganizationalUnitUploadData.setUp<br />
                        Completed Executing : TestBase.beforeMethod<br />
                        Test Case Name : Login<br />
                        Test Method Resides : Module.GeneralSetup.TC002_OrganizationalUnitUploadData<br />
                        Test Status : STARTED<br />
                        Completed Executing : TC002_OrganizationalUnitUploadData.Login<br />
                        Test Case Name : Login<br />
                        Test Method Resides : Module.GeneralSetup.TC002_OrganizationalUnitUploadData<br />
                        Test Status : PASSED<br />
                        Completed Executing : TestBase.afterMethod<br />
                        Completed Executing : TestBase.beforeMethod<br />
                        Test Case Name : Target_Page<br />
                        Test Method Resides : Module.GeneralSetup.TC002_OrganizationalUnitUploadData<br />
                        Test Status : STARTED<br />
                        Target page is open successfully<br />
                        Completed Executing : TC002_OrganizationalUnitUploadData.Target_Page<br />
                        Test Case Name : Target_Page<br />
                        Test Method Resides : Module.GeneralSetup.TC002_OrganizationalUnitUploadData<br />
                        Test Status : PASSED<br />
                        Completed Executing : TestBase.afterMethod<br />
                        Completed Executing : TestBase.beforeMethod<br />
                        Test Case Name : AddNew_Button<br />
                        Test Method Resides : Module.GeneralSetup.TC002_OrganizationalUnitUploadData<br />
                        Test Status : STARTED<br />
                        Add New Button is working properly<br />
                        Completed Executing : TC002_OrganizationalUnitUploadData.AddNew_Button<br />
                        Test Case Name : AddNew_Button<br />
                        Test Method Resides : Module.GeneralSetup.TC002_OrganizationalUnitUploadData<br />
                        Test Status : PASSED<br />
                        Completed Executing : TestBase.afterMethod<br />
                        Completed Executing : TestBase.beforeMethod<br />
                        Test Case Name : Data_Upload<br />
                        Test Method Resides : Module.GeneralSetup.TC002_OrganizationalUnitUploadData<br />
                        Test Method had the following parameters : nullOrganizb,Orgbb,Organizati level Entryb,Test Data Group Level,Osource,13/09/2017,Yes,10.0,hrms,h,<br />
                        Test Status : STARTED<br />
                        Organizational Unit Master Data added successfully<br />
                        Completed Executing : TC002_OrganizationalUnitUploadData.Data_Upload<br />
                        Test Case Name : Data_Upload<br />
                        Test Method Resides : Module.GeneralSetup.TC002_OrganizationalUnitUploadData<br />
                        Test Method had the following parameters : nullOrganizb,Orgbb,Organizati level Entryb,Test Data Group Level,Osource,13/09/2017,Yes,10.0,hrms,h,<br />
                        Test Status : PASSED<br />
                        Completed Executing : TestBase.afterMethod<br />
                        Completed Executing : TestBase.beforeMethod<br />
                        Test Case Name : Data_Upload<br />
                        Test Method Resides : Module.GeneralSetup.TC002_OrganizationalUnitUploadData<br />
                        Test Method had the following parameters : nullIndustry,hgfbb,Organizati level Egrsb,Test Data level,Osource,19/09/2018,No,17.0,crm,c,<br />
                        Test Status : STARTED<br />
                        Organizational Unit Master Data added successfully<br />
                        Completed Executing : TC002_OrganizationalUnitUploadData.Data_Upload<br />
                        Test Case Name : Data_Upload<br />
                        Test Method Resides : Module.GeneralSetup.TC002_OrganizationalUnitUploadData<br />
                        Test Method had the following parameters : nullIndustry,hgfbb,Organizati level Egrsb,Test Data level,Osource,19/09/2018,No,17.0,crm,c,<br />
                        Test Status : PASSED<br />
                        Completed Executing : TestBase.afterMethod<br />
                        Completed Executing : TestBase.endTest<br />
                        Test finished : Organizational Unit Master<br />
                        Test started :&nbsp; Upload Master<br />
                        Completed Executing : TestBase.initializeTestBaseSetup<br />
                        Completed Executing : TC003_UploadMaster.setUp<br />
                        Completed Executing : TestBase.beforeMethod<br />
                        Test Case Name : Login<br />
                        Test Method Resides : Module.GeneralSetup.TC003_UploadMaster<br />
                        Test Status : STARTED<br />
                        Completed Executing : TC003_UploadMaster.Login<br />
                        Test Case Name : Login<br />
                        Test Method Resides : Module.GeneralSetup.TC003_UploadMaster<br />
                        Test Status : PASSED<br />
                        Completed Executing : TestBase.afterMethod<br />
                        Completed Executing : TestBase.beforeMethod<br />
                        Test Case Name : Target_Page<br />
                        Test Method Resides : Module.GeneralSetup.TC003_UploadMaster<br />
                        Test Status : STARTED<br />
                        Target page is open successfully<br />
                        Completed Executing : TC003_UploadMaster.Target_Page<br />
                        Test Case Name : Target_Page<br />
                        Test Method Resides : Module.GeneralSetup.TC003_UploadMaster<br />
                        Test Status : PASSED<br />
                        Completed Executing : TestBase.afterMethod<br />
                        Completed Executing : TestBase.beforeMethod<br />
                        Test Case Name : Data_Upload<br />
                        Test Method Resides : Module.GeneralSetup.TC003_UploadMaster<br />
                        Test Method had the following parameters : nullUpload Name,Country Master,ADD,D:\\SVN\\QA-Testing-Doc\\Quality Assurance\\AutomationTestScript\\EnterpriseSetup_Regression\\src\\pom\\UploadMasterEXEFiles\\CountryMaster.exe,y,<br />
                        Test Status : STARTED<br />
                        Completed Executing : TC003_UploadMaster.Data_Upload<br />
                        Test Method Resides : Module.GeneralSetup.TC003_UploadMaster<br />
                        Test Method had the following parameters : nullUpload Name,Country Master,ADD,D:\\SVN\\QA-Testing-Doc\\Quality Assurance\\AutomationTestScript\\EnterpriseSetup_Regression\\src\\pom\\UploadMasterEXEFiles\\CountryMaster.exe,y,<br />
                        Test Status : FAILED<br />
                        Completed Executing : TestBase.afterMethod<br />
                        Completed Executing : TestBase.endTest<br />
                        Test finished : Upload Master<br />
                        Test started :&nbsp; Policy Master<br />
                        Completed Executing : TestBase.initializeTestBaseSetup<br />
                        Completed Executing : TC004_PolicyMasterUploadData.setUp<br />
                        Completed Executing : TestBase.beforeMethod<br />
                        Test Case Name : Login<br />
                        Test Method Resides : Module.GeneralSetup.TC004_PolicyMasterUploadData<br />
                        Test Status : STARTED<br />
                        Completed Executing : TC004_PolicyMasterUploadData.Login<br />
                        Test Case Name : Login<br />
                        Test Method Resides : Module.GeneralSetup.TC004_PolicyMasterUploadData<br />
                        Test Status : PASSED<br />
                        Completed Executing : TestBase.afterMethod<br />
                        Completed Executing : TestBase.beforeMethod<br />
                        Test Case Name : Target_Page<br />
                        Test Method Resides : Module.GeneralSetup.TC004_PolicyMasterUploadData<br />
                        Test Status : STARTED<br />
                        TEST FAILED : Target page not open : page crashed<br />
                        Completed Executing : TC004_PolicyMasterUploadData.Target_Page<br />
                        Test Method Resides : Module.GeneralSetup.TC004_PolicyMasterUploadData<br />
                        Test Status : FAILED<br />
                        Completed Executing : TestBase.afterMethod<br />
                        Test Case Name : AddNew_Button<br />
                        Test Method Resides : Module.GeneralSetup.TC004_PolicyMasterUploadData<br />
                        Test Status : SKIPPED<br />
                        Test Case Name : Data_Upload<br />
                        Test Method Resides : Module.GeneralSetup.TC004_PolicyMasterUploadData<br />
                        Test Status : SKIPPED<br />
                        Completed Executing : TestBase.endTest<br />
                        Test finished : Policy Master<br />
                        Test started :&nbsp; Policy Master Access<br />
                        Completed Executing : TestBase.initializeTestBaseSetup<br />
                        Completed Executing : TC005_PolicyMasterAccessUploadData.setUp<br />
                        Completed Executing : TestBase.beforeMethod<br />
                        Test Case Name : Login<br />
                        Test Method Resides : Module.GeneralSetup.TC005_PolicyMasterAccessUploadData<br />
                        Test Status : STARTED<br />
                        Completed Executing : TC005_PolicyMasterAccessUploadData.Login<br />
                        Test Case Name : Login<br />
                        Test Method Resides : Module.GeneralSetup.TC005_PolicyMasterAccessUploadData<br />
                        Test Status : PASSED<br />
                        Completed Executing : TestBase.afterMethod<br />
                        Completed Executing : TestBase.beforeMethod<br />
                        Test Case Name : Target_Page<br />
                        Test Method Resides : Module.GeneralSetup.TC005_PolicyMasterAccessUploadData<br />
                        Test Status : STARTED<br />
                        Target page is open successfully<br />
                        Completed Executing : TC005_PolicyMasterAccessUploadData.Target_Page<br />
                        Test Case Name : Target_Page<br />
                        Test Method Resides : Module.GeneralSetup.TC005_PolicyMasterAccessUploadData<br />
                        Test Status : PASSED<br />
                        Completed Executing : TestBase.afterMethod<br />
                        Completed Executing : TestBase.beforeMethod<br />
                        Test Case Name : AddNew_Button<br />
                        Test Method Resides : Module.GeneralSetup.TC005_PolicyMasterAccessUploadData<br />
                        Test Status : STARTED<br />
                        Add New Button is working properly<br />
                        Completed Executing : TC005_PolicyMasterAccessUploadData.AddNew_Button<br />
                        Test Case Name : AddNew_Button<br />
                        Test Method Resides : Module.GeneralSetup.TC005_PolicyMasterAccessUploadData<br />
                        Test Status : PASSED<br />
                        Completed Executing : TestBase.afterMethod<br />
                        Completed Executing : TestBase.beforeMethod<br />
                        Test Case Name : Data_Upload<br />
                        Test Method Resides : Module.GeneralSetup.TC005_PolicyMasterAccessUploadData<br />
                        Test Method had the following parameters : nullHR Policy,<br />
                        Test Status : STARTED<br />
                        Policy Master Access Data added successfully<br />
                        Completed Executing : TC005_PolicyMasterAccessUploadData.Data_Upload<br />
                        Test Case Name : Data_Upload<br />
                        Test Method Resides : Module.GeneralSetup.TC005_PolicyMasterAccessUploadData<br />
                        Test Method had the following parameters : nullHR Policy,<br />
                        Test Status : PASSED<br />
                        Completed Executing : TestBase.afterMethod<br />
                        Completed Executing : TestBase.endTest<br />
                        Test finished : Policy Master Access<br />
                        Test started :&nbsp; Poll Quiz Setup<br />
                        Completed Executing : TestBase.initializeTestBaseSetup<br />
                        Completed Executing : TC006_PollQuizSetupUploadData.setUp<br />
                        Completed Executing : TestBase.beforeMethod<br />
                        Test Case Name : Login<br />
                        Test Method Resides : Module.GeneralSetup.TC006_PollQuizSetupUploadData<br />
                        Test Status : STARTED<br />
                        Completed Executing : TC006_PollQuizSetupUploadData.Login<br />
                        Test Case Name : Login<br />
                        Test Method Resides : Module.GeneralSetup.TC006_PollQuizSetupUploadData<br />
                        Test Status : PASSED<br />
                        Completed Executing : TestBase.afterMethod<br />
                        Completed Executing : TestBase.beforeMethod<br />
                        Test Case Name : Target_Page<br />
                        Test Method Resides : Module.GeneralSetup.TC006_PollQuizSetupUploadData<br />
                        Test Status : STARTED<br />
                        Target page is open successfully<br />
                        Completed Executing : TC006_PollQuizSetupUploadData.Target_Page<br />
                        Test Case Name : Target_Page<br />
                        Test Method Resides : Module.GeneralSetup.TC006_PollQuizSetupUploadData<br />
                        Test Status : PASSED<br />
                        Completed Executing : TestBase.afterMethod<br />
                        Completed Executing : TestBase.beforeMethod<br />
                        Test Case Name : AddNew_Button<br />
                        Test Method Resides : Module.GeneralSetup.TC006_PollQuizSetupUploadData<br />
                        Test Status : STARTED<br />
                        Add New Button is working properly<br />
                        Completed Executing : TC006_PollQuizSetupUploadData.AddNew_Button<br />
                        Test Case Name : AddNew_Button<br />
                        Test Method Resides : Module.GeneralSetup.TC006_PollQuizSetupUploadData<br />
                        Test Status : PASSED<br />
                        Completed Executing : TestBase.afterMethod<br />
                        Completed Executing : TestBase.beforeMethod<br />
                        Test Case Name : Poll_Quiz_Setup_Data_Upload<br />
                        Test Method Resides : Module.GeneralSetup.TC006_PollQuizSetupUploadData<br />
                        Test Method had the following parameters : nullPoll,OS4569,poll,Objective,Yes,13/09/2017,20/09/2017,Company,Yes,WHAT IS TESTING,<br />
                        Test Status : STARTED<br />
                        Completed Executing : TC006_PollQuizSetupUploadData.Poll_Quiz_Setup_Data_Upload<br />
                        Test Method Resides : Module.GeneralSetup.TC006_PollQuizSetupUploadData<br />
                        Test Method had the following parameters : nullPoll,OS4569,poll,Objective,Yes,13/09/2017,20/09/2017,Company,Yes,WHAT IS TESTING,<br />
                        Test Status : FAILED<br />
                        Completed Executing : TestBase.afterMethod<br />
                        Completed Executing : TestBase.beforeMethod<br />
                        Test Case Name : Poll_Quiz_Setup_Data_Upload<br />
                        Test Method Resides : Module.GeneralSetup.TC006_PollQuizSetupUploadData<br />
                        Test Method had the following parameters : nullPoll,OS4570,poll,Objective,Yes,15/09/2018,22/09/2018,Company,Yes,WHAT IS TESTING,<br />
                        Test Status : STARTED<br />
                        Completed Executing : TC006_PollQuizSetupUploadData.Poll_Quiz_Setup_Data_Upload<br />
                        Test Case Name : Poll_Quiz_Setup_Data_Upload<br />
                        Test Method Resides : Module.GeneralSetup.TC006_PollQuizSetupUploadData<br />
                        Test Method had the following parameters : nullPoll,OS4570,poll,Objective,Yes,15/09/2018,22/09/2018,Company,Yes,WHAT IS TESTING,<br />
                        Test Status : SKIPPED<br />
                        Completed Executing : TestBase.afterMethod<br />
                        Completed Executing : TestBase.endTest<br />
                        Test finished : Poll Quiz Setup<br />
                        Test started :&nbsp; Country Master<br />
                        Completed Executing : TestBase.initializeTestBaseSetup<br />
                        Completed Executing : TC007_CountryMasterUploadData.setUp<br />
                        Completed Executing : TestBase.beforeMethod<br />
                        Test Case Name : Login<br />
                        Test Method Resides : Module.RegionalSetup.TC007_CountryMasterUploadData<br />
                        Test Status : STARTED<br />
                        Completed Executing : TC007_CountryMasterUploadData.Login<br />
                        Test Case Name : Login<br />
                        Test Method Resides : Module.RegionalSetup.TC007_CountryMasterUploadData<br />
                        Test Status : PASSED<br />
                        Completed Executing : TestBase.afterMethod<br />
                        Completed Executing : TestBase.beforeMethod<br />
                        Test Case Name : Target_Page<br />
                        Test Method Resides : Module.RegionalSetup.TC007_CountryMasterUploadData<br />
                        Test Status : STARTED<br />
                        Target page is open successfully<br />
                        Completed Executing : TC007_CountryMasterUploadData.Target_Page<br />
                        Test Case Name : Target_Page<br />
                        Test Method Resides : Module.RegionalSetup.TC007_CountryMasterUploadData<br />
                        Test Status : PASSED<br />
                        Completed Executing : TestBase.afterMethod<br />
                        Completed Executing : TestBase.beforeMethod<br />
                        Test Case Name : AddNew_Button<br />
                        Test Method Resides : Module.RegionalSetup.TC007_CountryMasterUploadData<br />
                        Test Status : STARTED<br />
                        Add New Button is working properly<br />
                        Completed Executing : TC007_CountryMasterUploadData.AddNew_Button<br />
                        Test Case Name : AddNew_Button<br />
                        Test Method Resides : Module.RegionalSetup.TC007_CountryMasterUploadData<br />
                        Test Status : PASSED<br />
                        Completed Executing : TestBase.afterMethod<br />
                        Completed Executing : TestBase.beforeMethod<br />
                        Test Case Name : Data_Upload<br />
                        Test Method Resides : Module.RegionalSetup.TC007_CountryMasterUploadData<br />
                        Test Method had the following parameters : null95626,Indiagk,13,Yes,<br />
                        Test Status : STARTED<br />
                        Country Master Data added successfully<br />
                        Completed Executing : TC007_CountryMasterUploadData.Data_Upload<br />
                        Test Case Name : Data_Upload<br />
                        Test Method Resides : Module.RegionalSetup.TC007_CountryMasterUploadData<br />
                        Test Method had the following parameters : null95626,Indiagk,13,Yes,<br />
                        Test Status : PASSED<br />
                        Completed Executing : TestBase.afterMethod<br />
                        Completed Executing : TestBase.beforeMethod<br />
                        Test Case Name : Data_Upload<br />
                        Test Method Resides : Module.RegionalSetup.TC007_CountryMasterUploadData<br />
                        Test Method had the following parameters : null95627,Indiahk,14,Yes,<br />
                        Test Status : STARTED<br />
                        Country Master Data added successfully<br />
                        Completed Executing : TC007_CountryMasterUploadData.Data_Upload<br />
                        Test Case Name : Data_Upload<br />
                        Test Method Resides : Module.RegionalSetup.TC007_CountryMasterUploadData<br />
                        Test Method had the following parameters : null95627,Indiahk,14,Yes,<br />
                        Test Status : PASSED<br />
                        Completed Executing : TestBase.afterMethod<br />
                        Completed Executing : TestBase.endTest<br />
                        Test finished : Country Master<br />
                        Test started :&nbsp; State Master<br />
                        Completed Executing : TestBase.initializeTestBaseSetup<br />
                        Completed Executing : TC008_StateMasterUploadData.setUp<br />
                        Completed Executing : TestBase.beforeMethod<br />
                        Test Case Name : Login<br />
                        Test Method Resides : Module.RegionalSetup.TC008_StateMasterUploadData<br />
                        Test Status : STARTED<br />
                        Completed Executing : TC008_StateMasterUploadData.Login<br />
                        Test Case Name : Login<br />
                        Test Method Resides : Module.RegionalSetup.TC008_StateMasterUploadData<br />
                        Test Status : PASSED<br />
                        Completed Executing : TestBase.afterMethod<br />
                        Completed Executing : TestBase.beforeMethod<br />
                        Test Case Name : Target_Page<br />
                        Test Method Resides : Module.RegionalSetup.TC008_StateMasterUploadData<br />
                        Test Status : STARTED<br />
                        Target page is open successfully<br />
                        Completed Executing : TC008_StateMasterUploadData.Target_Page<br />
                        Test Case Name : Target_Page<br />
                        Test Method Resides : Module.RegionalSetup.TC008_StateMasterUploadData<br />
                        Test Status : PASSED<br />
                        Completed Executing : TestBase.afterMethod<br />
                        Completed Executing : TestBase.beforeMethod<br />
                        Test Case Name : AddNew_Button<br />
                        Test Method Resides : Module.RegionalSetup.TC008_StateMasterUploadData<br />
                        Test Status : STARTED<br />
                        Add New Button is working properly<br />
                        Completed Executing : TC008_StateMasterUploadData.AddNew_Button<br />
                        Test Case Name : AddNew_Button<br />
                        Test Method Resides : Module.RegionalSetup.TC008_StateMasterUploadData<br />
                        Test Status : PASSED<br />
                        Completed Executing : TestBase.afterMethod<br />
                        Completed Executing : TestBase.beforeMethod<br />
                        Test Case Name : Data_Upload<br />
                        Test Method Resides : Module.RegionalSetup.TC008_StateMasterUploadData<br />
                        Test Method had the following parameters : nullindia,387,DHM,Yes,No,<br />
                        Test Status : STARTED<br />
                        State Master Data Not Added successfully : page crashed<br />
                        Completed Executing : TC008_StateMasterUploadData.Data_Upload<br />
                        Test Method Resides : Module.RegionalSetup.TC008_StateMasterUploadData<br />
                        Test Method had the following parameters : nullindia,387,DHM,Yes,No,<br />
                        Test Status : FAILED<br />
                        Completed Executing : TestBase.afterMethod<br />
                        Completed Executing : TestBase.beforeMethod<br />
                        Test Case Name : Data_Upload<br />
                        Test Method Resides : Module.RegionalSetup.TC008_StateMasterUploadData<br />
                        Test Method had the following parameters : nullindia,388,DHJ,No,Yes,<br />
                        Test Status : STARTED<br />
                        Completed Executing : TC008_StateMasterUploadData.Data_Upload<br />
                        Test Method Resides : Module.RegionalSetup.TC008_StateMasterUploadData<br />
                        Test Method had the following parameters : nullindia,388,DHJ,No,Yes,<br />
                        Test Status : FAILED<br />
                        Completed Executing : TestBase.afterMethod<br />
                        Completed Executing : TestBase.endTest<br />
                        Test finished : State Master<br />
                        Test started :&nbsp; City Master<br />
                        Completed Executing : TestBase.initializeTestBaseSetup<br />
                        Completed Executing : TC009_CityMasterUploadData.setUp<br />
                        Completed Executing : TestBase.beforeMethod<br />
                        Test Case Name : Login<br />
                        Test Method Resides : Module.RegionalSetup.TC009_CityMasterUploadData<br />
                        Test Status : STARTED<br />
                        Completed Executing : TC009_CityMasterUploadData.Login<br />
                        Test Case Name : Login<br />
                        Test Method Resides : Module.RegionalSetup.TC009_CityMasterUploadData<br />
                        Test Status : PASSED<br />
                        Completed Executing : TestBase.afterMethod<br />
                        Completed Executing : TestBase.beforeMethod<br />
                        Test Case Name : Target_Page<br />
                        Test Method Resides : Module.RegionalSetup.TC009_CityMasterUploadData<br />
                        Test Status : STARTED<br />
                        Target page is open successfully<br />
                        Completed Executing : TC009_CityMasterUploadData.Target_Page<br />
                        Test Case Name : Target_Page<br />
                        Test Method Resides : Module.RegionalSetup.TC009_CityMasterUploadData<br />
                        Test Status : PASSED<br />
                        Completed Executing : TestBase.afterMethod<br />
                        Completed Executing : TestBase.beforeMethod<br />
                        Test Case Name : AddNew_Button<br />
                        Test Method Resides : Module.RegionalSetup.TC009_CityMasterUploadData<br />
                        Test Status : STARTED<br />
                        Add New Button is working properly<br />
                        Completed Executing : TC009_CityMasterUploadData.AddNew_Button<br />
                        Test Case Name : AddNew_Button<br />
                        Test Method Resides : Module.RegionalSetup.TC009_CityMasterUploadData<br />
                        Test Status : PASSED<br />
                        Completed Executing : TestBase.afterMethod<br />
                        Completed Executing : TestBase.beforeMethod<br />
                        Test Case Name : Data_Upload<br />
                        Test Method Resides : Module.RegionalSetup.TC009_CityMasterUploadData<br />
                        Test Method had the following parameters : nullAAALEKA,aamazon,GLWZ,anceghhGZ,Yes,<br />
                        Test Status : STARTED<br />
                        City Master Data Not Added successfully : page crashed<br />
                        Completed Executing : TC009_CityMasterUploadData.Data_Upload<br />
                        Test Method Resides : Module.RegionalSetup.TC009_CityMasterUploadData<br />
                        Test Method had the following parameters : nullAAALEKA,aamazon,GLWZ,anceghhGZ,Yes,<br />
                        Test Status : FAILED<br />
                        Completed Executing : TestBase.afterMethod<br />
                        Completed Executing : TestBase.endTest<br />
                        Test finished : City Master<br />
                        Test started :&nbsp; Nationality Master<br />
                        Completed Executing : TestBase.initializeTestBaseSetup<br />
                        Completed Executing : TC010_NationalityMasterUploadData.setUp<br />
                        Completed Executing : TestBase.beforeMethod<br />
                        Test Case Name : Login<br />
                        Test Method Resides : Module.RegionalSetup.TC010_NationalityMasterUploadData<br />
                        Test Status : STARTED<br />
                        Completed Executing : TC010_NationalityMasterUploadData.Login<br />
                        Test Case Name : Login<br />
                        Test Method Resides : Module.RegionalSetup.TC010_NationalityMasterUploadData<br />
                        Test Status : PASSED<br />
                        Completed Executing : TestBase.afterMethod<br />
                        Completed Executing : TestBase.beforeMethod<br />
                        Test Case Name : Target_Page<br />
                        Test Method Resides : Module.RegionalSetup.TC010_NationalityMasterUploadData<br />
                        Test Status : STARTED<br />
                        Target page is open successfully<br />
                        Completed Executing : TC010_NationalityMasterUploadData.Target_Page<br />
                        Test Case Name : Target_Page<br />
                        Test Method Resides : Module.RegionalSetup.TC010_NationalityMasterUploadData<br />
                        Test Status : PASSED<br />
                        Completed Executing : TestBase.afterMethod<br />
                        Completed Executing : TestBase.beforeMethod<br />
                        Test Case Name : AddNew_Button<br />
                        Test Method Resides : Module.RegionalSetup.TC010_NationalityMasterUploadData<br />
                        Test Status : STARTED<br />
                        Add New Button is working properly<br />
                        Completed Executing : TC010_NationalityMasterUploadData.AddNew_Button<br />
                        Test Case Name : AddNew_Button<br />
                        Test Method Resides : Module.RegionalSetup.TC010_NationalityMasterUploadData<br />
                        Test Status : PASSED<br />
                        Completed Executing : TestBase.afterMethod<br />
                        Completed Executing : TestBase.beforeMethod<br />
                        Test Case Name : Data_Upload<br />
                        Test Method Resides : Module.RegionalSetup.TC010_NationalityMasterUploadData<br />
                        Test Method had the following parameters : null761.0,SPT,<br />
                        Test Status : STARTED<br />
                        Nationality Master Data Not Added successfully : page crashed<br />
                        Completed Executing : TC010_NationalityMasterUploadData.Data_Upload<br />
                        Test Method Resides : Module.RegionalSetup.TC010_NationalityMasterUploadData<br />
                        Test Method had the following parameters : null761.0,SPT,<br />
                        Test Status : FAILED<br />
                        Completed Executing : TestBase.afterMethod<br />
                        Completed Executing : TestBase.endTest<br />
                        Test finished : Nationality Master<br />
                        Test started :&nbsp; Currency Master<br />
                        Completed Executing : TestBase.initializeTestBaseSetup<br />
                        Completed Executing : TC011_CurrencyMasterUploadData.setUp<br />
                        Completed Executing : TestBase.beforeMethod<br />
                        Test Case Name : Login<br />
                        Test Method Resides : Module.RegionalSetup.TC011_CurrencyMasterUploadData<br />
                        Test Status : STARTED<br />
                        Completed Executing : TC011_CurrencyMasterUploadData.Login<br />
                        Test Case Name : Login<br />
                        Test Method Resides : Module.RegionalSetup.TC011_CurrencyMasterUploadData<br />
                        Test Status : PASSED<br />
                        Completed Executing : TestBase.afterMethod<br />
                        Completed Executing : TestBase.beforeMethod<br />
                        Test Case Name : Target_Page<br />
                        Test Method Resides : Module.RegionalSetup.TC011_CurrencyMasterUploadData<br />
                        Test Status : STARTED<br />
                        Target page is open successfully<br />
                        Completed Executing : TC011_CurrencyMasterUploadData.Target_Page<br />
                        Test Case Name : Target_Page<br />
                        Test Method Resides : Module.RegionalSetup.TC011_CurrencyMasterUploadData<br />
                        Test Status : PASSED<br />
                        Completed Executing : TestBase.afterMethod<br />
                        Completed Executing : TestBase.beforeMethod<br />
                        Test Case Name : AddNew_Button<br />
                        Test Method Resides : Module.RegionalSetup.TC011_CurrencyMasterUploadData<br />
                        Test Status : STARTED<br />
                        Add New Button is working properly<br />
                        Completed Executing : TC011_CurrencyMasterUploadData.AddNew_Button<br />
                        Test Case Name : AddNew_Button<br />
                        Test Method Resides : Module.RegionalSetup.TC011_CurrencyMasterUploadData<br />
                        Test Status : PASSED<br />
                        Completed Executing : TestBase.afterMethod<br />
                        Completed Executing : TestBase.beforeMethod<br />
                        Test Case Name : Data_Upload<br />
                        Test Method Resides : Module.RegionalSetup.TC011_CurrencyMasterUploadData<br />
                        Test Method had the following parameters : nullAUEW,SDUS,USD,Yes,<br />
                        Test Status : STARTED<br />
                        Currency Master Data added successfully<br />
                        Completed Executing : TC011_CurrencyMasterUploadData.Data_Upload<br />
                        Test Case Name : Data_Upload<br />
                        Test Method Resides : Module.RegionalSetup.TC011_CurrencyMasterUploadData<br />
                        Test Method had the following parameters : nullAUEW,SDUS,USD,Yes,<br />
                        Test Status : PASSED<br />
                        Completed Executing : TestBase.afterMethod<br />
                        Completed Executing : TestBase.beforeMethod<br />
                        Test Case Name : Data_Upload<br />
                        Test Method Resides : Module.RegionalSetup.TC011_CurrencyMasterUploadData<br />
                        Test Method had the following parameters : nullAUSK,FFF,USD,Yes,<br />
                        Test Status : STARTED<br />
                        Currency Master Data added successfully<br />
                        Completed Executing : TC011_CurrencyMasterUploadData.Data_Upload<br />
                        Test Case Name : Data_Upload<br />
                        Test Method Resides : Module.RegionalSetup.TC011_CurrencyMasterUploadData<br />
                        Test Method had the following parameters : nullAUSK,FFF,USD,Yes,<br />
                        Test Status : PASSED<br />
                        Completed Executing : TestBase.afterMethod<br />
                        Completed Executing : TestBase.endTest<br />
                        Test finished : Currency Master<br />
                        Test started :&nbsp; Currency rate Master<br />
                        Completed Executing : TestBase.initializeTestBaseSetup<br />
                        Completed Executing : TC012_CurrencyRateMasterUploadData.setUp<br />
                        Completed Executing : TestBase.beforeMethod<br />
                        Test Case Name : Login<br />
                        Test Method Resides : Module.RegionalSetup.TC012_CurrencyRateMasterUploadData<br />
                        Test Status : STARTED<br />
                        Completed Executing : TC012_CurrencyRateMasterUploadData.Login<br />
                        Test Case Name : Login<br />
                        Test Method Resides : Module.RegionalSetup.TC012_CurrencyRateMasterUploadData<br />
                        Test Status : PASSED<br />
                        Completed Executing : TestBase.afterMethod<br />
                        Completed Executing : TestBase.beforeMethod<br />
                        Test Case Name : Target_Page<br />
                        Test Method Resides : Module.RegionalSetup.TC012_CurrencyRateMasterUploadData<br />
                        Test Status : STARTED<br />
                        Target page is open successfully<br />
                        Completed Executing : TC012_CurrencyRateMasterUploadData.Target_Page<br />
                        Test Case Name : Target_Page<br />
                        Test Method Resides : Module.RegionalSetup.TC012_CurrencyRateMasterUploadData<br />
                        Test Status : PASSED<br />
                        Completed Executing : TestBase.afterMethod<br />
                        Completed Executing : TestBase.beforeMethod<br />
                        Test Case Name : AddNew_Button<br />
                        Test Method Resides : Module.RegionalSetup.TC012_CurrencyRateMasterUploadData<br />
                        Test Status : STARTED<br />
                        Add New Button is working properly<br />
                        Completed Executing : TC012_CurrencyRateMasterUploadData.AddNew_Button<br />
                        Test Case Name : AddNew_Button<br />
                        Test Method Resides : Module.RegionalSetup.TC012_CurrencyRateMasterUploadData<br />
                        Test Status : PASSED<br />
                        Completed Executing : TestBase.afterMethod<br />
                        Completed Executing : TestBase.beforeMethod<br />
                        Test Case Name : Data_Upload<br />
                        Test Method Resides : Module.RegionalSetup.TC012_CurrencyRateMasterUploadData<br />
                        Test Method had the following parameters : nullEUR1,EUR1,15/09/2017,20/09/2017,1,Yes,<br />
                        Test Status : STARTED<br />
                        Currency Rate Master Data added successfully<br />
                        Completed Executing : TC012_CurrencyRateMasterUploadData.Data_Upload<br />
                        Test Case Name : Data_Upload<br />
                        Test Method Resides : Module.RegionalSetup.TC012_CurrencyRateMasterUploadData<br />
                        Test Method had the following parameters : nullEUR1,EUR1,15/09/2017,20/09/2017,1,Yes,<br />
                        Test Status : PASSED<br />
                        Completed Executing : TestBase.afterMethod<br />
                        Completed Executing : TestBase.endTest<br />
                        Test finished : Currency rate Master<br />
                        Test started :&nbsp; Branch Master<br />
                        Completed Executing : TestBase.initializeTestBaseSetup<br />
                        Completed Executing : TC013_BranchMasterUploadData.setUp<br />
                        Completed Executing : TestBase.beforeMethod<br />
                        Test Case Name : Login<br />
                        Test Method Resides : Module.OrganizationalSetup.TC013_BranchMasterUploadData<br />
                        Test Status : STARTED<br />
                        Completed Executing : TC013_BranchMasterUploadData.Login<br />
                        Test Case Name : Login<br />
                        Test Method Resides : Module.OrganizationalSetup.TC013_BranchMasterUploadData<br />
                        Test Status : PASSED<br />
                        Completed Executing : TestBase.afterMethod<br />
                        Completed Executing : TestBase.beforeMethod<br />
                        Test Case Name : Target_Page<br />
                        Test Method Resides : Module.OrganizationalSetup.TC013_BranchMasterUploadData<br />
                        Test Status : STARTED<br />
                        Target page is open successfully<br />
                        Completed Executing : TC013_BranchMasterUploadData.Target_Page<br />
                        Test Case Name : Target_Page<br />
                        Test Method Resides : Module.OrganizationalSetup.TC013_BranchMasterUploadData<br />
                        Test Status : PASSED<br />
                        Completed Executing : TestBase.afterMethod<br />
                        Completed Executing : TestBase.beforeMethod<br />
                        Test Case Name : AddNew_Button<br />
                        Test Method Resides : Module.OrganizationalSetup.TC013_BranchMasterUploadData<br />
                        Test Status : STARTED<br />
                        Add New Button is working properly<br />
                        Completed Executing : TC013_BranchMasterUploadData.AddNew_Button<br />
                        Test Case Name : AddNew_Button<br />
                        Test Method Resides : Module.OrganizationalSetup.TC013_BranchMasterUploadData<br />
                        Test Status : PASSED<br />
                        Completed Executing : TestBase.afterMethod<br />
                        Completed Executing : TestBase.beforeMethod<br />
                        Test Case Name : Data_Upload<br />
                        Test Method Resides : Module.OrganizationalSetup.TC013_BranchMasterUploadData<br />
                        Test Method had the following parameters : nullABR535,NewyorwDf,nkdf,Bihar,Adagg,Test Data,Yes,<br />
                        Test Status : STARTED<br />
                        Branch Master Data added successfully<br />
                        Completed Executing : TC013_BranchMasterUploadData.Data_Upload<br />
                        Test Case Name : Data_Upload<br />
                        Test Method Resides : Module.OrganizationalSetup.TC013_BranchMasterUploadData<br />
                        Test Method had the following parameters : nullABR535,NewyorwDf,nkdf,Bihar,Adagg,Test Data,Yes,<br />
                        Test Status : PASSED<br />
                        Completed Executing : TestBase.afterMethod<br />
                        Completed Executing : TestBase.beforeMethod<br />
                        Test Case Name : Data_Upload<br />
                        Test Method Resides : Module.OrganizationalSetup.TC013_BranchMasterUploadData<br />
                        Test Method had the following parameters : nullABR625,NewyorqFf,nkgf,Bihar,dfdsdd,Test Data,Yes,<br />
                        Test Status : STARTED<br />
                        Branch Master Data added successfully<br />
                        Completed Executing : TC013_BranchMasterUploadData.Data_Upload<br />
                        Test Case Name : Data_Upload<br />
                        Test Method Resides : Module.OrganizationalSetup.TC013_BranchMasterUploadData<br />
                        Test Method had the following parameters : nullABR625,NewyorqFf,nkgf,Bihar,dfdsdd,Test Data,Yes,<br />
                        Test Status : PASSED<br />
                        Completed Executing : TestBase.afterMethod<br />
                        Completed Executing : TestBase.endTest<br />
                        Test finished : Branch Master<br />
                        Test started :&nbsp; Division Master<br />
                        Completed Executing : TestBase.initializeTestBaseSetup<br />
                        Completed Executing : TC014_DivisionMasterUploadData.setUp<br />
                        Completed Executing : TestBase.beforeMethod<br />
                        Test Case Name : Login<br />
                        Test Method Resides : Module.OrganizationalSetup.TC014_DivisionMasterUploadData<br />
                        Test Status : STARTED<br />
                        Completed Executing : TC014_DivisionMasterUploadData.Login<br />
                        Test Case Name : Login<br />
                        Test Method Resides : Module.OrganizationalSetup.TC014_DivisionMasterUploadData<br />
                        Test Status : SKIPPED<br />
                        Completed Executing : TestBase.afterMethod<br />
                        Test Case Name : Target_Page<br />
                        Test Method Resides : Module.OrganizationalSetup.TC014_DivisionMasterUploadData<br />
                        Test Status : SKIPPED<br />
                        Test Case Name : AddNew_Button<br />
                        Test Method Resides : Module.OrganizationalSetup.TC014_DivisionMasterUploadData<br />
                        Test Status : SKIPPED<br />
                        Test Case Name : Data_Upload<br />
                        Test Method Resides : Module.OrganizationalSetup.TC014_DivisionMasterUploadData<br />
                        Test Status : SKIPPED<br />
                        Completed Executing : TestBase.endTest<br />
                        Test finished : Division Master<br />
                        Test started :&nbsp; Department Master<br />
                        Completed Executing : TestBase.initializeTestBaseSetup<br />
                        Completed Executing : TC015_DepartmentMasterUploadData.setUp<br />
                        Completed Executing : TestBase.beforeMethod<br />
                        Test Case Name : Login<br />
                        Test Method Resides : Module.OrganizationalSetup.TC015_DepartmentMasterUploadData<br />
                        Test Status : STARTED<br />
                        Completed Executing : TC015_DepartmentMasterUploadData.Login<br />
                        Test Case Name : Login<br />
                        Test Method Resides : Module.OrganizationalSetup.TC015_DepartmentMasterUploadData<br />
                        Test Status : SKIPPED<br />
                        Completed Executing : TestBase.afterMethod<br />
                        Test Case Name : Target_Page<br />
                        Test Method Resides : Module.OrganizationalSetup.TC015_DepartmentMasterUploadData<br />
                        Test Status : SKIPPED<br />
                        Test Case Name : AddNew_Button<br />
                        Test Method Resides : Module.OrganizationalSetup.TC015_DepartmentMasterUploadData<br />
                        Test Status : SKIPPED<br />
                        Test Case Name : Data_Upload<br />
                        Test Method Resides : Module.OrganizationalSetup.TC015_DepartmentMasterUploadData<br />
                        Test Status : SKIPPED<br />
                        Test Case Name : Edit_Record<br />
                        Test Method Resides : Module.OrganizationalSetup.TC015_DepartmentMasterUploadData<br />
                        Test Status : SKIPPED<br />
                        Completed Executing : TestBase.endTest<br />
                        Test finished : Department Master<br />
                        Test started :&nbsp; Sub Department Master<br />
                        Completed Executing : TestBase.initializeTestBaseSetup<br />
                        Completed Executing : TC016_SubDepartmentMasterUploadData.setUp<br />
                        Completed Executing : TestBase.beforeMethod<br />
                        Test Case Name : Login<br />
                        Test Method Resides : Module.OrganizationalSetup.TC016_SubDepartmentMasterUploadData<br />
                        Test Status : STARTED<br />
                        Completed Executing : TC016_SubDepartmentMasterUploadData.Login<br />
                        Test Case Name : Login<br />
                        Test Method Resides : Module.OrganizationalSetup.TC016_SubDepartmentMasterUploadData<br />
                        Test Status : PASSED<br />
                        Completed Executing : TestBase.afterMethod<br />
                        Completed Executing : TestBase.beforeMethod<br />
                        Test Case Name : Target_Page<br />
                        Test Method Resides : Module.OrganizationalSetup.TC016_SubDepartmentMasterUploadData<br />
                        Test Status : STARTED<br />
                        Target page is open successfully<br />
                        Completed Executing : TC016_SubDepartmentMasterUploadData.Target_Page<br />
                        Test Case Name : Target_Page<br />
                        Test Method Resides : Module.OrganizationalSetup.TC016_SubDepartmentMasterUploadData<br />
                        Test Status : PASSED<br />
                        Completed Executing : TestBase.afterMethod<br />
                        Completed Executing : TestBase.beforeMethod<br />
                        Test Case Name : AddNew_Button<br />
                        Test Method Resides : Module.OrganizationalSetup.TC016_SubDepartmentMasterUploadData<br />
                        Test Status : STARTED<br />
                        Add New Button is working properly<br />
                        Completed Executing : TC016_SubDepartmentMasterUploadData.AddNew_Button<br />
                        Test Case Name : AddNew_Button<br />
                        Test Method Resides : Module.OrganizationalSetup.TC016_SubDepartmentMasterUploadData<br />
                        Test Status : PASSED<br />
                        Completed Executing : TestBase.afterMethod<br />
                        Completed Executing : TestBase.beforeMethod<br />
                        Test Case Name : Data_Upload<br />
                        Test Method Resides : Module.OrganizationalSetup.TC016_SubDepartmentMasterUploadData<br />
                        Test Method had the following parameters : null17,qa testing,qat,software,Test Data,Yes,<br />
                        Test Status : STARTED<br />
                        Department Master Data added successfully<br />
                        Record Added successfully<br />
                        Completed Executing : TC016_SubDepartmentMasterUploadData.Data_Upload<br />
                        Test Case Name : Data_Upload<br />
                        Test Method Resides : Module.OrganizationalSetup.TC016_SubDepartmentMasterUploadData<br />
                        Test Method had the following parameters : null17,qa testing,qat,software,Test Data,Yes,<br />
                        Test Status : PASSED<br />
                        Completed Executing : TestBase.afterMethod<br />
                        Completed Executing : TestBase.beforeMethod<br />
                        Test Case Name : Data_Upload<br />
                        Test Method Resides : Module.OrganizationalSetup.TC016_SubDepartmentMasterUploadData<br />
                        Test Method had the following parameters : null18,dv development,dvd,software,Test Data,No,<br />
                        Test Status : STARTED<br />
                        Department Master Data added successfully<br />
                        Record Added successfully<br />
                        Completed Executing : TC016_SubDepartmentMasterUploadData.Data_Upload<br />
                        Test Case Name : Data_Upload<br />
                        Test Method Resides : Module.OrganizationalSetup.TC016_SubDepartmentMasterUploadData<br />
                        Test Method had the following parameters : null18,dv development,dvd,software,Test Data,No,<br />
                        Test Status : PASSED<br />
                        Completed Executing : TestBase.afterMethod<br />
                        Completed Executing : TestBase.beforeMethod<br />
                        Test Case Name : Edit_Record<br />
                        Test Method Resides : Module.OrganizationalSetup.TC016_SubDepartmentMasterUploadData<br />
                        Test Status : STARTED<br />
                        Record Not Added<br />
                        Completed Executing : TC016_SubDepartmentMasterUploadData.Edit_Record<br />
                        Test Method Resides : Module.OrganizationalSetup.TC016_SubDepartmentMasterUploadData<br />
                        Test Status : FAILED<br />
                        Completed Executing : TestBase.afterMethod<br />
                        Completed Executing : TestBase.endTest<br />
                        Test finished : Sub Department Master<br />
                        Test started :&nbsp; Cost Center Master<br />
                        Completed Executing : TestBase.initializeTestBaseSetup<br />
                        Completed Executing : TC017_CostCenterMasterUploadData.setUp<br />
                        Completed Executing : TestBase.beforeMethod<br />
                        Test Case Name : Login<br />
                        Test Method Resides : Module.OrganizationalSetup.TC017_CostCenterMasterUploadData<br />
                        Test Status : STARTED<br />
                        Completed Executing : TC017_CostCenterMasterUploadData.Login<br />
                        Test Case Name : Login<br />
                        Test Method Resides : Module.OrganizationalSetup.TC017_CostCenterMasterUploadData<br />
                        Test Status : SKIPPED<br />
                        Completed Executing : TestBase.afterMethod<br />
                        Test Case Name : Target_Page<br />
                        Test Method Resides : Module.OrganizationalSetup.TC017_CostCenterMasterUploadData<br />
                        Test Status : SKIPPED<br />
                        Test Case Name : AddNew_Button<br />
                        Test Method Resides : Module.OrganizationalSetup.TC017_CostCenterMasterUploadData<br />
                        Test Status : SKIPPED<br />
                        Test Case Name : Data_Upload<br />
                        Test Method Resides : Module.OrganizationalSetup.TC017_CostCenterMasterUploadData<br />
                        Test Status : SKIPPED<br />
                        Test Case Name : Edit_Record<br />
                        Test Method Resides : Module.OrganizationalSetup.TC017_CostCenterMasterUploadData<br />
                        Test Status : SKIPPED<br />
                        Completed Executing : TestBase.endTest<br />
                        Test finished : Cost Center Master<br />
                        Test started :&nbsp; Position Master<br />
                        Completed Executing : TestBase.initializeTestBaseSetup<br />
                        Completed Executing : TC018_PositionMasterUploadData.setUp<br />
                        Completed Executing : TestBase.beforeMethod<br />
                        Test Case Name : Login<br />
                        Test Method Resides : Module.OrganizationalSetup.TC018_PositionMasterUploadData<br />
                        Test Status : STARTED<br />
                        Completed Executing : TC018_PositionMasterUploadData.Login<br />
                        Test Case Name : Login<br />
                        Test Method Resides : Module.OrganizationalSetup.TC018_PositionMasterUploadData<br />
                        Test Status : PASSED<br />
                        Completed Executing : TestBase.afterMethod<br />
                        Completed Executing : TestBase.beforeMethod<br />
                        Test Case Name : Target_Page<br />
                        Test Method Resides : Module.OrganizationalSetup.TC018_PositionMasterUploadData<br />
                        Test Status : STARTED<br />
                        Target page is open successfully<br />
                        Completed Executing : TC018_PositionMasterUploadData.Target_Page<br />
                        Test Case Name : Target_Page<br />
                        Test Method Resides : Module.OrganizationalSetup.TC018_PositionMasterUploadData<br />
                        Test Status : PASSED<br />
                        Completed Executing : TestBase.afterMethod<br />
                        Completed Executing : TestBase.beforeMethod<br />
                        Test Case Name : AddNew_Button<br />
                        Test Method Resides : Module.OrganizationalSetup.TC018_PositionMasterUploadData<br />
                        Test Status : STARTED<br />
                        Add New Button is working properly<br />
                        Completed Executing : TC018_PositionMasterUploadData.AddNew_Button<br />
                        Test Case Name : AddNew_Button<br />
                        Test Method Resides : Module.OrganizationalSetup.TC018_PositionMasterUploadData<br />
                        Test Status : PASSED<br />
                        Completed Executing : TestBase.afterMethod<br />
                        Completed Executing : TestBase.beforeMethod<br />
                        Test Case Name : Data_Upload<br />
                        Test Method Resides : Module.OrganizationalSetup.TC018_PositionMasterUploadData<br />
                        Test Method had the following parameters : null457.0,Soft IT B,SIF,Administration,Test Data,Yes,Yes,No,Yes,<br />
                        Test Status : STARTED<br />
                        Position Master Data added successfully<br />
                        Record Added successfully<br />
                        Completed Executing : TC018_PositionMasterUploadData.Data_Upload<br />
                        Test Case Name : Data_Upload<br />
                        Test Method Resides : Module.OrganizationalSetup.TC018_PositionMasterUploadData<br />
                        Test Method had the following parameters : null457.0,Soft IT B,SIF,Administration,Test Data,Yes,Yes,No,Yes,<br />
                        Test Status : PASSED<br />
                        Completed Executing : TestBase.afterMethod<br />
                        Completed Executing : TestBase.beforeMethod<br />
                        Test Case Name : Edit_Record<br />
                        Test Method Resides : Module.OrganizationalSetup.TC018_PositionMasterUploadData<br />
                        Test Status : STARTED<br />
                        Record Added Successfully<br />
                        Completed Executing : TC018_PositionMasterUploadData.Edit_Record<br />
                        Test Case Name : Edit_Record<br />
                        Test Method Resides : Module.OrganizationalSetup.TC018_PositionMasterUploadData<br />
                        Test Status : PASSED<br />
                        Completed Executing : TestBase.afterMethod<br />
                        Completed Executing : TestBase.endTest<br />
                        Test finished : Position Master<br />
                        Test started :&nbsp; Level Master<br />
                        Completed Executing : TestBase.initializeTestBaseSetup<br />
                        Completed Executing : TC019_LevelMasterUploadData.setUp<br />
                        Completed Executing : TestBase.beforeMethod<br />
                        Test Case Name : Login<br />
                        Test Method Resides : Module.OrganizationalSetup.TC019_LevelMasterUploadData<br />
                        Test Status : STARTED<br />
                        Completed Executing : TC019_LevelMasterUploadData.Login<br />
                        Test Case Name : Login<br />
                        Test Method Resides : Module.OrganizationalSetup.TC019_LevelMasterUploadData<br />
                        Test Status : PASSED<br />
                        Completed Executing : TestBase.afterMethod<br />
                        Completed Executing : TestBase.beforeMethod<br />
                        Test Case Name : Target_Page<br />
                        Test Method Resides : Module.OrganizationalSetup.TC019_LevelMasterUploadData<br />
                        Test Status : STARTED<br />
                        Target page is open successfully<br />
                        Completed Executing : TC019_LevelMasterUploadData.Target_Page<br />
                        Test Case Name : Target_Page<br />
                        Test Method Resides : Module.OrganizationalSetup.TC019_LevelMasterUploadData<br />
                        Test Status : PASSED<br />
                        Completed Executing : TestBase.afterMethod<br />
                        Completed Executing : TestBase.beforeMethod<br />
                        Test Case Name : AddNew_Button<br />
                        Test Method Resides : Module.OrganizationalSetup.TC019_LevelMasterUploadData<br />
                        Test Status : STARTED<br />
                        Add New Button is working properly<br />
                        Completed Executing : TC019_LevelMasterUploadData.AddNew_Button<br />
                        Test Case Name : AddNew_Button<br />
                        Test Method Resides : Module.OrganizationalSetup.TC019_LevelMasterUploadData<br />
                        Test Status : PASSED<br />
                        Completed Executing : TestBase.afterMethod<br />
                        Completed Executing : TestBase.beforeMethod<br />
                        Test Case Name : Data_Upload<br />
                        Test Method Resides : Module.OrganizationalSetup.TC019_LevelMasterUploadData<br />
                        Test Method had the following parameters : nullOsource India Pvt Ltd,HG88,Level31,Test level,Yes,<br />
                        Test Status : STARTED<br />
                        Level Master Data added successfully<br />
                        Record Added successfully<br />
                        Completed Executing : TC019_LevelMasterUploadData.Data_Upload<br />
                        Test Case Name : Data_Upload<br />
                        Test Method Resides : Module.OrganizationalSetup.TC019_LevelMasterUploadData<br />
                        Test Method had the following parameters : nullOsource India Pvt Ltd,HG88,Level31,Test level,Yes,<br />
                        Test Status : PASSED<br />
                        Completed Executing : TestBase.afterMethod<br />
                        Completed Executing : TestBase.beforeMethod<br />
                        Test Case Name : Data_Upload<br />
                        Test Method Resides : Module.OrganizationalSetup.TC019_LevelMasterUploadData<br />
                        Test Method had the following parameters : nullOsource India Pvt Ltd,HG89,Level32,Test level,Yes,<br />
                        Test Status : STARTED<br />
                        Level Master Data added successfully<br />
                        Record Added successfully<br />
                        Completed Executing : TC019_LevelMasterUploadData.Data_Upload<br />
                        Test Case Name : Data_Upload<br />
                        Test Method Resides : Module.OrganizationalSetup.TC019_LevelMasterUploadData<br />
                        Test Method had the following parameters : nullOsource India Pvt Ltd,HG89,Level32,Test level,Yes,<br />
                        Test Status : PASSED<br />
                        Completed Executing : TestBase.afterMethod<br />
                        Completed Executing : TestBase.beforeMethod<br />
                        Test Case Name : Edit_Record<br />
                        Test Method Resides : Module.OrganizationalSetup.TC019_LevelMasterUploadData<br />
                        Test Status : STARTED<br />
                        Record Added Successfully<br />
                        Completed Executing : TC019_LevelMasterUploadData.Edit_Record<br />
                        Test Case Name : Edit_Record<br />
                        Test Method Resides : Module.OrganizationalSetup.TC019_LevelMasterUploadData<br />
                        Test Status : PASSED<br />
                        Completed Executing : TestBase.afterMethod<br />
                        Completed Executing : TestBase.endTest<br />
                        Test finished : Level Master<br />
                        Test started :&nbsp; Band Master<br />
                        Completed Executing : TestBase.initializeTestBaseSetup<br />
                        Completed Executing : TC020_BandMasterUploadData.setUp<br />
                        Completed Executing : TestBase.beforeMethod<br />
                        Test Case Name : Login<br />
                        Test Method Resides : Module.OrganizationalSetup.TC020_BandMasterUploadData<br />
                        Test Status : STARTED<br />
                        Completed Executing : TC020_BandMasterUploadData.Login<br />
                        Test Case Name : Login<br />
                        Test Method Resides : Module.OrganizationalSetup.TC020_BandMasterUploadData<br />
                        Test Status : PASSED<br />
                        Completed Executing : TestBase.afterMethod<br />
                        Completed Executing : TestBase.beforeMethod<br />
                        Test Case Name : Target_Page<br />
                        Test Method Resides : Module.OrganizationalSetup.TC020_BandMasterUploadData<br />
                        Test Status : STARTED<br />
                        Target page is open successfully<br />
                        Completed Executing : TC020_BandMasterUploadData.Target_Page<br />
                        Test Case Name : Target_Page<br />
                        Test Method Resides : Module.OrganizationalSetup.TC020_BandMasterUploadData<br />
                        Test Status : PASSED<br />
                        Completed Executing : TestBase.afterMethod<br />
                        Completed Executing : TestBase.beforeMethod<br />
                        Test Case Name : AddNew_Button<br />
                        Test Method Resides : Module.OrganizationalSetup.TC020_BandMasterUploadData<br />
                        Test Status : STARTED<br />
                        Add New Button is working properly<br />
                        Completed Executing : TC020_BandMasterUploadData.AddNew_Button<br />
                        Test Case Name : AddNew_Button<br />
                        Test Method Resides : Module.OrganizationalSetup.TC020_BandMasterUploadData<br />
                        Test Status : PASSED<br />
                        Completed Executing : TestBase.afterMethod<br />
                        Completed Executing : TestBase.beforeMethod<br />
                        Test Case Name : Data_Upload<br />
                        Test Method Resides : Module.OrganizationalSetup.TC020_BandMasterUploadData<br />
                        Test Method had the following parameters : null761,Band 468,BGHG,TEST band,Yes,<br />
                        Test Status : STARTED<br />
                        Band Master Data added successfully<br />
                        Record Added successfully<br />
                        Completed Executing : TC020_BandMasterUploadData.Data_Upload<br />
                        Test Case Name : Data_Upload<br />
                        Test Method Resides : Module.OrganizationalSetup.TC020_BandMasterUploadData<br />
                        Test Method had the following parameters : null761,Band 468,BGHG,TEST band,Yes,<br />
                        Test Status : PASSED<br />
                        Completed Executing : TestBase.afterMethod<br />
                        Completed Executing : TestBase.beforeMethod<br />
                        Test Case Name : Data_Upload<br />
                        Test Method Resides : Module.OrganizationalSetup.TC020_BandMasterUploadData<br />
                        Test Method had the following parameters : null762,Band 469,BGHG,TEST band,Yes,<br />
                        Test Status : STARTED<br />
                        Band Master Data added successfully<br />
                        Record Added successfully<br />
                        Completed Executing : TC020_BandMasterUploadData.Data_Upload<br />
                        Test Case Name : Data_Upload<br />
                        Test Method Resides : Module.OrganizationalSetup.TC020_BandMasterUploadData<br />
                        Test Method had the following parameters : null762,Band 469,BGHG,TEST band,Yes,<br />
                        Test Status : PASSED<br />
                        Completed Executing : TestBase.afterMethod<br />
                        Completed Executing : TestBase.beforeMethod<br />
                        Test Case Name : Edit_Record<br />
                        Test Method Resides : Module.OrganizationalSetup.TC020_BandMasterUploadData<br />
                        Test Status : STARTED<br />
                        Record Added Successfully<br />
                        Completed Executing : TC020_BandMasterUploadData.Edit_Record<br />
                        Test Case Name : Edit_Record<br />
                        Test Method Resides : Module.OrganizationalSetup.TC020_BandMasterUploadData<br />
                        Test Status : PASSED<br />
                        Completed Executing : TestBase.afterMethod<br />
                        Completed Executing : TestBase.endTest<br />
                        Test finished : Band Master<br />
                        Test started :&nbsp; Bank Master<br />
                        Completed Executing : TestBase.initializeTestBaseSetup<br />
                        Completed Executing : TC021_BankMasterUploadData.setUp<br />
                        Completed Executing : TestBase.beforeMethod<br />
                        Test Case Name : Login<br />
                        Test Method Resides : Module.OrganizationalSetup.TC021_BankMasterUploadData<br />
                        Test Status : STARTED<br />
                        Completed Executing : TC021_BankMasterUploadData.Login<br />
                        Test Case Name : Login<br />
                        Test Method Resides : Module.OrganizationalSetup.TC021_BankMasterUploadData<br />
                        Test Status : PASSED<br />
                        Completed Executing : TestBase.afterMethod<br />
                        Completed Executing : TestBase.beforeMethod<br />
                        Test Case Name : Target_Page<br />
                        Test Method Resides : Module.OrganizationalSetup.TC021_BankMasterUploadData<br />
                        Test Status : STARTED<br />
                        Target page is open successfully<br />
                        Completed Executing : TC021_BankMasterUploadData.Target_Page<br />
                        Test Case Name : Target_Page<br />
                        Test Method Resides : Module.OrganizationalSetup.TC021_BankMasterUploadData<br />
                        Test Status : PASSED<br />
                        Completed Executing : TestBase.afterMethod<br />
                        Completed Executing : TestBase.beforeMethod<br />
                        Test Case Name : AddNew_Button<br />
                        Test Method Resides : Module.OrganizationalSetup.TC021_BankMasterUploadData<br />
                        Test Status : STARTED<br />
                        Add New Button is working properly<br />
                        Completed Executing : TC021_BankMasterUploadData.AddNew_Button<br />
                        Test Case Name : AddNew_Button<br />
                        Test Method Resides : Module.OrganizationalSetup.TC021_BankMasterUploadData<br />
                        Test Status : PASSED<br />
                        Completed Executing : TestBase.afterMethod<br />
                        Completed Executing : TestBase.beforeMethod<br />
                        Test Case Name : Data_Upload<br />
                        Test Method Resides : Module.OrganizationalSetup.TC021_BankMasterUploadData<br />
                        Test Method had the following parameters : nullFGD42,DFOGK Bank,DFHCS,Mahape,mahape,0228546956,01253265,DFHK@gmail.com,Test Data,9.87654321E9,Yes,<br />
                        Test Status : STARTED<br />
                        Bank Master Data Not Added successfully : page crashed<br />
                        Completed Executing : TC021_BankMasterUploadData.Data_Upload<br />
                        Test Method Resides : Module.OrganizationalSetup.TC021_BankMasterUploadData<br />
                        Test Method had the following parameters : nullFGD42,DFOGK Bank,DFHCS,Mahape,mahape,0228546956,01253265,DFHK@gmail.com,Test Data,9.87654321E9,Yes,<br />
                        Test Status : FAILED<br />
                        Completed Executing : TestBase.afterMethod<br />
                        Completed Executing : TestBase.beforeMethod<br />
                        Test Case Name : Edit_Record<br />
                        Test Method Resides : Module.OrganizationalSetup.TC021_BankMasterUploadData<br />
                        Test Status : STARTED<br />
                        Record Not Added<br />
                        Completed Executing : TC021_BankMasterUploadData.Edit_Record<br />
                        Test Method Resides : Module.OrganizationalSetup.TC021_BankMasterUploadData<br />
                        Test Status : FAILED<br />
                        Completed Executing : TestBase.afterMethod<br />
                        Completed Executing : TestBase.endTest<br />
                        Test finished : Bank Master<br />
                        Test started :&nbsp; Zone Master<br />
                        Completed Executing : TestBase.initializeTestBaseSetup<br />
                        Completed Executing : TC022_ZoneMasterUploadData.setUp<br />
                        Completed Executing : TestBase.beforeMethod<br />
                        Test Case Name : Login<br />
                        Test Method Resides : Module.OrganizationalSetup.TC022_ZoneMasterUploadData<br />
                        Test Status : STARTED<br />
                        Completed Executing : TC022_ZoneMasterUploadData.Login<br />
                        Test Case Name : Login<br />
                        Test Method Resides : Module.OrganizationalSetup.TC022_ZoneMasterUploadData<br />
                        Test Status : PASSED<br />
                        Completed Executing : TestBase.afterMethod<br />
                        Completed Executing : TestBase.beforeMethod<br />
                        Test Case Name : Target_Page<br />
                        Test Method Resides : Module.OrganizationalSetup.TC022_ZoneMasterUploadData<br />
                        Test Status : STARTED<br />
                        Target page is open successfully<br />
                        Completed Executing : TC022_ZoneMasterUploadData.Target_Page<br />
                        Test Case Name : Target_Page<br />
                        Test Method Resides : Module.OrganizationalSetup.TC022_ZoneMasterUploadData<br />
                        Test Status : PASSED<br />
                        Completed Executing : TestBase.afterMethod<br />
                        Completed Executing : TestBase.beforeMethod<br />
                        Test Case Name : AddNew_Button<br />
                        Test Method Resides : Module.OrganizationalSetup.TC022_ZoneMasterUploadData<br />
                        Test Status : STARTED<br />
                        Add New Button is working properly<br />
                        Completed Executing : TC022_ZoneMasterUploadData.AddNew_Button<br />
                        Test Case Name : AddNew_Button<br />
                        Test Method Resides : Module.OrganizationalSetup.TC022_ZoneMasterUploadData<br />
                        Test Status : PASSED<br />
                        Completed Executing : TestBase.afterMethod<br />
                        Completed Executing : TestBase.beforeMethod<br />
                        Test Case Name : Data_Upload<br />
                        Test Method Resides : Module.OrganizationalSetup.TC022_ZoneMasterUploadData<br />
                        Test Method had the following parameters : null43.0,Delhi,<br />
                        Test Status : STARTED<br />
                        zone Master Data added successfully<br />
                        Record Added successfully<br />
                        Completed Executing : TC022_ZoneMasterUploadData.Data_Upload<br />
                        Test Case Name : Data_Upload<br />
                        Test Method Resides : Module.OrganizationalSetup.TC022_ZoneMasterUploadData<br />
                        Test Method had the following parameters : null43.0,Delhi,<br />
                        Test Status : PASSED<br />
                        Completed Executing : TestBase.afterMethod<br />
                        Completed Executing : TestBase.beforeMethod<br />
                        Test Case Name : Edit_Record<br />
                        Test Method Resides : Module.OrganizationalSetup.TC022_ZoneMasterUploadData<br />
                        Test Status : STARTED<br />
                        Record Added Successfully<br />
                        Completed Executing : TC022_ZoneMasterUploadData.Edit_Record<br />
                        Test Case Name : Edit_Record<br />
                        Test Method Resides : Module.OrganizationalSetup.TC022_ZoneMasterUploadData<br />
                        Test Status : PASSED<br />
                        Completed Executing : TestBase.afterMethod<br />
                        Completed Executing : TestBase.endTest<br />
                        Test finished : Zone Master<br />
                        Test started :&nbsp; Attribute Master<br />
                        Completed Executing : TestBase.initializeTestBaseSetup<br />
                        Completed Executing : TC023_AttributeMasterUploadData.setUp<br />
                        Completed Executing : TestBase.beforeMethod<br />
                        Test Case Name : Login<br />
                        Test Method Resides : Module.OrganizationalSetup.TC023_AttributeMasterUploadData<br />
                        Test Status : STARTED<br />
                        Completed Executing : TC023_AttributeMasterUploadData.Login<br />
                        Test Case Name : Login<br />
                        Test Method Resides : Module.OrganizationalSetup.TC023_AttributeMasterUploadData<br />
                        Test Status : PASSED<br />
                        Completed Executing : TestBase.afterMethod<br />
                        Completed Executing : TestBase.beforeMethod<br />
                        Test Case Name : Target_Page<br />
                        Test Method Resides : Module.OrganizationalSetup.TC023_AttributeMasterUploadData<br />
                        Test Status : STARTED<br />
                        Target page is open successfully<br />
                        Completed Executing : TC023_AttributeMasterUploadData.Target_Page<br />
                        Test Case Name : Target_Page<br />
                        Test Method Resides : Module.OrganizationalSetup.TC023_AttributeMasterUploadData<br />
                        Test Status : PASSED<br />
                        Completed Executing : TestBase.afterMethod<br />
                        Completed Executing : TestBase.beforeMethod<br />
                        Test Case Name : AddNew_Button<br />
                        Test Method Resides : Module.OrganizationalSetup.TC023_AttributeMasterUploadData<br />
                        Test Status : STARTED<br />
                        Add New Button is working properly<br />
                        Completed Executing : TC023_AttributeMasterUploadData.AddNew_Button<br />
                        Test Case Name : AddNew_Button<br />
                        Test Method Resides : Module.OrganizationalSetup.TC023_AttributeMasterUploadData<br />
                        Test Status : PASSED<br />
                        Completed Executing : TestBase.afterMethod<br />
                        Completed Executing : TestBase.beforeMethod<br />
                        Test Case Name : Data_Upload<br />
                        Test Method Resides : Module.OrganizationalSetup.TC023_AttributeMasterUploadData<br />
                        Test Method had the following parameters : nullTesting,5404.0,Attri subs,ass,455.0,980.0,test data attribute,<br />
                        Test Status : STARTED<br />
                        Attribute Master Data added successfully<br />
                        Record Added successfully<br />
                        Completed Executing : TC023_AttributeMasterUploadData.Data_Upload<br />
                        Test Case Name : Data_Upload<br />
                        Test Method Resides : Module.OrganizationalSetup.TC023_AttributeMasterUploadData<br />
                        Test Method had the following parameters : nullTesting,5404.0,Attri subs,ass,455.0,980.0,test data attribute,<br />
                        Test Status : PASSED<br />
                        Completed Executing : TestBase.afterMethod<br />
                        Completed Executing : TestBase.beforeMethod<br />
                        Test Case Name : Edit_Record<br />
                        Test Method Resides : Module.OrganizationalSetup.TC023_AttributeMasterUploadData<br />
                        Test Status : STARTED<br />
                        Record Added Successfully<br />
                        Completed Executing : TC023_AttributeMasterUploadData.Edit_Record<br />
                        Test Case Name : Edit_Record<br />
                        Test Method Resides : Module.OrganizationalSetup.TC023_AttributeMasterUploadData<br />
                        Test Status : PASSED<br />
                        Completed Executing : TestBase.afterMethod<br />
                        Completed Executing : TestBase.endTest<br />
                        Test finished : Attribute Master<br />
                        Test started :&nbsp; Device Master<br />
                        Completed Executing : TestBase.initializeTestBaseSetup<br />
                        Completed Executing : TC024_DeviceMasterUploadData.setUp<br />
                        Completed Executing : TestBase.beforeMethod<br />
                        Test Case Name : Login<br />
                        Test Method Resides : Module.OrganizationalSetup.TC024_DeviceMasterUploadData<br />
                        Test Status : STARTED<br />
                        Completed Executing : TC024_DeviceMasterUploadData.Login<br />
                        Test Case Name : Login<br />
                        Test Method Resides : Module.OrganizationalSetup.TC024_DeviceMasterUploadData<br />
                        Test Status : PASSED<br />
                        Completed Executing : TestBase.afterMethod<br />
                        Completed Executing : TestBase.beforeMethod<br />
                        Test Case Name : Target_Page<br />
                        Test Method Resides : Module.OrganizationalSetup.TC024_DeviceMasterUploadData<br />
                        Test Status : STARTED<br />
                        Target page is open successfully<br />
                        Completed Executing : TC024_DeviceMasterUploadData.Target_Page<br />
                        Test Case Name : Target_Page<br />
                        Test Method Resides : Module.OrganizationalSetup.TC024_DeviceMasterUploadData<br />
                        Test Status : PASSED<br />
                        Completed Executing : TestBase.afterMethod<br />
                        Completed Executing : TestBase.beforeMethod<br />
                        Test Case Name : AddNew_Button<br />
                        Test Method Resides : Module.OrganizationalSetup.TC024_DeviceMasterUploadData<br />
                        Test Status : STARTED<br />
                        Add New Button is working properly<br />
                        Completed Executing : TC024_DeviceMasterUploadData.AddNew_Button<br />
                        Test Case Name : AddNew_Button<br />
                        Test Method Resides : Module.OrganizationalSetup.TC024_DeviceMasterUploadData<br />
                        Test Status : PASSED<br />
                        Completed Executing : TestBase.afterMethod<br />
                        Completed Executing : TestBase.beforeMethod<br />
                        Test Case Name : Data_Upload<br />
                        Test Method Resides : Module.OrganizationalSetup.TC024_DeviceMasterUploadData<br />
                        Test Method had the following parameters : nullDID126,SelQZZ,Oracle,Ghansoli,192.168.32.47,Attendance Process Device,Out,Yes,<br />
                        Test Status : STARTED<br />
                        Device Master Data added successfully<br />
                        Record Added successfully<br />
                        Completed Executing : TC024_DeviceMasterUploadData.Data_Upload<br />
                        Test Case Name : Data_Upload<br />
                        Test Method Resides : Module.OrganizationalSetup.TC024_DeviceMasterUploadData<br />
                        Test Method had the following parameters : nullDID126,SelQZZ,Oracle,Ghansoli,192.168.32.47,Attendance Process Device,Out,Yes,<br />
                        Test Status : PASSED<br />
                        Completed Executing : TestBase.afterMethod<br />
                        Completed Executing : TestBase.beforeMethod<br />
                        Test Case Name : Edit_Record<br />
                        Test Method Resides : Module.OrganizationalSetup.TC024_DeviceMasterUploadData<br />
                        Test Status : STARTED<br />
                        Record Added Successfully<br />
                        Completed Executing : TC024_DeviceMasterUploadData.Edit_Record<br />
                        Test Case Name : Edit_Record<br />
                        Test Method Resides : Module.OrganizationalSetup.TC024_DeviceMasterUploadData<br />
                        Test Status : PASSED<br />
                        Completed Executing : TestBase.afterMethod<br />
                        Completed Executing : TestBase.endTest<br />
                        Test finished : Device Master<br />
                        Test started :&nbsp; Position Mapping<br />
                        Completed Executing : TestBase.initializeTestBaseSetup<br />
                        Completed Executing : TC025_PositionMappingUploadData.setUp<br />
                        Completed Executing : TestBase.beforeMethod<br />
                        Test Case Name : Login<br />
                        Test Method Resides : Module.OrganizationalSetup.TC025_PositionMappingUploadData<br />
                        Test Status : STARTED<br />
                        Completed Executing : TC025_PositionMappingUploadData.Login<br />
                        Test Case Name : Login<br />
                        Test Method Resides : Module.OrganizationalSetup.TC025_PositionMappingUploadData<br />
                        Test Status : PASSED<br />
                        Completed Executing : TestBase.afterMethod<br />
                        Completed Executing : TestBase.beforeMethod<br />
                        Test Case Name : Target_Page<br />
                        Test Method Resides : Module.OrganizationalSetup.TC025_PositionMappingUploadData<br />
                        Test Status : STARTED<br />
                        Target page is open successfully<br />
                        Completed Executing : TC025_PositionMappingUploadData.Target_Page<br />
                        Test Case Name : Target_Page<br />
                        Test Method Resides : Module.OrganizationalSetup.TC025_PositionMappingUploadData<br />
                        Test Status : PASSED<br />
                        Completed Executing : TestBase.afterMethod<br />
                        Completed Executing : TestBase.beforeMethod<br />
                        Test Case Name : AddNew_Button<br />
                        Test Method Resides : Module.OrganizationalSetup.TC025_PositionMappingUploadData<br />
                        Test Status : STARTED<br />
                        Add New Button is working properly<br />
                        Completed Executing : TC025_PositionMappingUploadData.AddNew_Button<br />
                        Test Case Name : AddNew_Button<br />
                        Test Method Resides : Module.OrganizationalSetup.TC025_PositionMappingUploadData<br />
                        Test Status : PASSED<br />
                        Completed Executing : TestBase.afterMethod<br />
                        Completed Executing : TestBase.beforeMethod<br />
                        Test Case Name : Data_Upload<br />
                        Test Method Resides : Module.OrganizationalSetup.TC025_PositionMappingUploadData<br />
                        Test Method had the following parameters : nullSoftware Engg,Database,<br />
                        Test Status : STARTED<br />
                        Position Mapping Data added successfully<br />
                        Record Added successfully<br />
                        Completed Executing : TC025_PositionMappingUploadData.Data_Upload<br />
                        Test Case Name : Data_Upload<br />
                        Test Method Resides : Module.OrganizationalSetup.TC025_PositionMappingUploadData<br />
                        Test Method had the following parameters : nullSoftware Engg,Database,<br />
                        Test Status : PASSED<br />
                        Completed Executing : TestBase.afterMethod<br />
                        Completed Executing : TestBase.beforeMethod<br />
                        Test Case Name : Edit_Record<br />
                        Test Method Resides : Module.OrganizationalSetup.TC025_PositionMappingUploadData<br />
                        Test Status : STARTED<br />
                        Completed Executing : TC025_PositionMappingUploadData.Edit_Record<br />
                        Test Method Resides : Module.OrganizationalSetup.TC025_PositionMappingUploadData<br />
                        Test Status : FAILED<br />
                        Completed Executing : TestBase.afterMethod<br />
                        Completed Executing : TestBase.endTest<br />
                        Test finished : Position Mapping<br />
                        Test started :&nbsp; Parameter Group Master<br />
                        Completed Executing : TestBase.initializeTestBaseSetup<br />
                        Completed Executing : TC026_ParameterGroupMasterUploadData.setUp<br />
                        Completed Executing : TestBase.beforeMethod<br />
                        Test Case Name : Login<br />
                        Test Method Resides : Module.ApplicationMonitor.TC026_ParameterGroupMasterUploadData<br />
                        Test Status : STARTED<br />
                        Completed Executing : TC026_ParameterGroupMasterUploadData.Login<br />
                        Test Case Name : Login<br />
                        Test Method Resides : Module.ApplicationMonitor.TC026_ParameterGroupMasterUploadData<br />
                        Test Status : PASSED<br />
                        Completed Executing : TestBase.afterMethod<br />
                        Completed Executing : TestBase.beforeMethod<br />
                        Test Case Name : Target_Page<br />
                        Test Method Resides : Module.ApplicationMonitor.TC026_ParameterGroupMasterUploadData<br />
                        Test Status : STARTED<br />
                        Target page is open successfully<br />
                        Completed Executing : TC026_ParameterGroupMasterUploadData.Target_Page<br />
                        Test Case Name : Target_Page<br />
                        Test Method Resides : Module.ApplicationMonitor.TC026_ParameterGroupMasterUploadData<br />
                        Test Status : PASSED<br />
                        Completed Executing : TestBase.afterMethod<br />
                        Completed Executing : TestBase.beforeMethod<br />
                        Test Case Name : AddNew_Button<br />
                        Test Method Resides : Module.ApplicationMonitor.TC026_ParameterGroupMasterUploadData<br />
                        Test Status : STARTED<br />
                        Add New Button is working properly<br />
                        Completed Executing : TC026_ParameterGroupMasterUploadData.AddNew_Button<br />
                        Test Case Name : AddNew_Button<br />
                        Test Method Resides : Module.ApplicationMonitor.TC026_ParameterGroupMasterUploadData<br />
                        Test Status : PASSED<br />
                        Completed Executing : TestBase.afterMethod<br />
                        Completed Executing : TestBase.beforeMethod<br />
                        Test Case Name : Data_Upload<br />
                        Test Method Resides : Module.ApplicationMonitor.TC026_ParameterGroupMasterUploadData<br />
                        Test Method had the following parameters : nullPGM085,PGM ACB,Yes,<br />
                        Test Status : STARTED<br />
                        Parameter Group Master Data added successfully<br />
                        Record Added successfully<br />
                        Completed Executing : TC026_ParameterGroupMasterUploadData.Data_Upload<br />
                        Test Case Name : Data_Upload<br />
                        Test Method Resides : Module.ApplicationMonitor.TC026_ParameterGroupMasterUploadData<br />
                        Test Method had the following parameters : nullPGM085,PGM ACB,Yes,<br />
                        Test Status : PASSED<br />
                        Completed Executing : TestBase.afterMethod<br />
                        Completed Executing : TestBase.beforeMethod<br />
                        Test Case Name : Data_Upload<br />
                        Test Method Resides : Module.ApplicationMonitor.TC026_ParameterGroupMasterUploadData<br />
                        Test Method had the following parameters : nullPGM086,PGM HRB,Yes,<br />
                        Test Status : STARTED<br />
                        Parameter Group Master Data added successfully<br />
                        Record Added successfully<br />
                        Completed Executing : TC026_ParameterGroupMasterUploadData.Data_Upload<br />
                        Test Case Name : Data_Upload<br />
                        Test Method Resides : Module.ApplicationMonitor.TC026_ParameterGroupMasterUploadData<br />
                        Test Method had the following parameters : nullPGM086,PGM HRB,Yes,<br />
                        Test Status : PASSED<br />
                        Completed Executing : TestBase.afterMethod<br />
                        Completed Executing : TestBase.beforeMethod<br />
                        Test Case Name : Edit_Record<br />
                        Test Method Resides : Module.ApplicationMonitor.TC026_ParameterGroupMasterUploadData<br />
                        Test Status : STARTED<br />
                        Completed Executing : TC026_ParameterGroupMasterUploadData.Edit_Record<br />
                        Test Case Name : Edit_Record<br />
                        Test Method Resides : Module.ApplicationMonitor.TC026_ParameterGroupMasterUploadData<br />
                        Test Status : SKIPPED<br />
                        Completed Executing : TestBase.afterMethod<br />
                        Completed Executing : TestBase.endTest<br />
                        Test finished : Parameter Group Master<br />
                        Test started :&nbsp; Application Usage<br />
                        Completed Executing : TestBase.initializeTestBaseSetup<br />
                        Completed Executing : TC027_ApplicationUsageUploadData.setUp<br />
                        Completed Executing : TestBase.beforeMethod<br />
                        Test Case Name : Login<br />
                        Test Method Resides : Module.ApplicationMonitor.TC027_ApplicationUsageUploadData<br />
                        Test Status : STARTED<br />
                        Completed Executing : TC027_ApplicationUsageUploadData.Login<br />
                        Test Case Name : Login<br />
                        Test Method Resides : Module.ApplicationMonitor.TC027_ApplicationUsageUploadData<br />
                        Test Status : PASSED<br />
                        Completed Executing : TestBase.afterMethod<br />
                        Completed Executing : TestBase.beforeMethod<br />
                        Test Case Name : Target_Page<br />
                        Test Method Resides : Module.ApplicationMonitor.TC027_ApplicationUsageUploadData<br />
                        Test Status : STARTED<br />
                        Target page is open successfully<br />
                        Completed Executing : TC027_ApplicationUsageUploadData.Target_Page<br />
                        Test Case Name : Target_Page<br />
                        Test Method Resides : Module.ApplicationMonitor.TC027_ApplicationUsageUploadData<br />
                        Test Status : PASSED<br />
                        Completed Executing : TestBase.afterMethod<br />
                        Completed Executing : TestBase.beforeMethod<br />
                        Test Case Name : AddNew_Button<br />
                        Test Method Resides : Module.ApplicationMonitor.TC027_ApplicationUsageUploadData<br />
                        Test Status : STARTED<br />
                        Add New Button is working properly<br />
                        Completed Executing : TC027_ApplicationUsageUploadData.AddNew_Button<br />
                        Test Case Name : AddNew_Button<br />
                        Test Method Resides : Module.ApplicationMonitor.TC027_ApplicationUsageUploadData<br />
                        Test Status : PASSED<br />
                        Completed Executing : TestBase.afterMethod<br />
                        Completed Executing : TestBase.beforeMethod<br />
                        Test Case Name : Data_Upload<br />
                        Test Method Resides : Module.ApplicationMonitor.TC027_ApplicationUsageUploadData<br />
                        Test Method had the following parameters : nulltest status,test1,data tested,Yes,<br />
                        Test Status : STARTED<br />
                        Completed Executing : TC027_ApplicationUsageUploadData.Data_Upload<br />
                        Test Case Name : Data_Upload<br />
                        Test Method Resides : Module.ApplicationMonitor.TC027_ApplicationUsageUploadData<br />
                        Test Method had the following parameters : nulltest status,test1,data tested,Yes,<br />
                        Test Status : SKIPPED<br />
                        Completed Executing : TestBase.afterMethod<br />
                        Completed Executing : TestBase.beforeMethod<br />
                        Test Case Name : Edit_Record<br />
                        Test Method Resides : Module.ApplicationMonitor.TC027_ApplicationUsageUploadData<br />
                        Test Status : STARTED<br />
                        Completed Executing : TC027_ApplicationUsageUploadData.Edit_Record<br />
                        Test Method Resides : Module.ApplicationMonitor.TC027_ApplicationUsageUploadData<br />
                        Test Status : FAILED<br />
                        Completed Executing : TestBase.afterMethod<br />
                        Completed Executing : TestBase.endTest<br />
            </div>

</body>
</html>