<?xml version="1.0" encoding="utf-8" ?>
<!DOCTYPE html PUBLIC "-//W3C//DTD XHTML 1.0 Strict//EN"
        "http://www.w3.org/TR/xhtml1/DTD/xhtml1-strict.dtd">
<html xmlns="http://www.w3.org/1999/xhtml" xml:lang="" lang="">
<head>
  <title>Test Results Report - Nationality Master</title>
  <meta http-equiv="Content-Type" content="text/html;charset=utf-8" />
  <meta name="description" content="TestNG unit test results." />
  <link href="reportng.css" rel="stylesheet" type="text/css" />
    <script type="text/javascript" src="reportng.js"></script>
</head>
<body>
<h1>Nationality Master</h1>
<p>
  Test duration: 199.977s
</p>



  <table class="resultsTable">
    <tr><th colspan="3" class="header failed">Failed Tests</th></tr>
          <tr>
        <td colspan="3" class="group">Module.RegionalSetup.TC010_NationalityMasterUploadData</td>
      </tr>
            
<tr>
  <td class="method">
                  Data_Upload
      </td>
  <td class="duration">
    8.325s
  </td>
  <td class="result">
        
          <i>Method arguments: </i><span class="arguments">"761.0", "SPT"</span><br />
    
            <div class="testOutput">
                        Nationality Master Data Not Added successfully : page crashed<br />
                                Completed Executing : TC010_NationalityMasterUploadData.Data_Upload<br />
                                Test Method Resides : Module.RegionalSetup.TC010_NationalityMasterUploadData<br />
                                Test Method had the following parameters : null761.0,SPT,<br />
                                Test Status : FAILED<br />
                  </div>
    

        <a href="javascript:toggleElement('exception-0', 'block')" title="Click to expand/collapse"><b>java.lang.AssertionError: Expected : [Record Saved Successfully.] But Found : [Nationality Code Already Exists.]</b></a><br />
    <div class="stackTrace" id="exception-0">
              org.testng.Assert.fail(Assert.java:94)<br />
              Module.RegionalSetup.TC010_NationalityMasterUploadData.Data_Upload(TC010_NationalityMasterUploadData.java:88)<br />
              sun.reflect.NativeMethodAccessorImpl.invoke0(Native Method)<br />
              sun.reflect.NativeMethodAccessorImpl.invoke(Unknown Source)<br />
              sun.reflect.DelegatingMethodAccessorImpl.invoke(Unknown Source)<br />
              java.lang.reflect.Method.invoke(Unknown Source)<br />
              org.testng.internal.MethodInvocationHelper.invokeMethod(MethodInvocationHelper.java:85)<br />
              org.testng.internal.Invoker.invokeMethod(Invoker.java:639)<br />
              org.testng.internal.Invoker.invokeTestMethod(Invoker.java:821)<br />
              org.testng.internal.Invoker.invokeTestMethods(Invoker.java:1131)<br />
              org.testng.internal.TestMethodWorker.invokeTestMethods(TestMethodWorker.java:124)<br />
              org.testng.internal.TestMethodWorker.run(TestMethodWorker.java:108)<br />
              org.testng.TestRunner.privateRun(TestRunner.java:773)<br />
              org.testng.TestRunner.run(TestRunner.java:623)<br />
              org.testng.SuiteRunner.runTest(SuiteRunner.java:357)<br />
              org.testng.SuiteRunner.access$000(SuiteRunner.java:39)<br />
              org.testng.SuiteRunner$SuiteWorker.run(SuiteRunner.java:391)<br />
              org.testng.internal.thread.ThreadUtil$2.call(ThreadUtil.java:64)<br />
              java.util.concurrent.FutureTask.run(Unknown Source)<br />
              java.util.concurrent.ThreadPoolExecutor.runWorker(Unknown Source)<br />
              java.util.concurrent.ThreadPoolExecutor$Worker.run(Unknown Source)<br />
              java.lang.Thread.run(Unknown Source)<br />
                </div>
      </td>
</tr>
      </table>


  <table class="resultsTable">
    <tr><th colspan="3" class="header passed">Passed Tests</th></tr>
          <tr>
        <td colspan="3" class="group">Module.RegionalSetup.TC010_NationalityMasterUploadData</td>
      </tr>
            
<tr>
  <td class="method">
                  AddNew_Button
      </td>
  <td class="duration">
    36.217s
  </td>
  <td class="result">
        
    
            <div class="testOutput">
                        Add New Button is working properly<br />
                                Completed Executing : TC010_NationalityMasterUploadData.AddNew_Button<br />
                                Test Case Name : AddNew_Button<br />
                                Test Method Resides : Module.RegionalSetup.TC010_NationalityMasterUploadData<br />
                                Test Status : PASSED<br />
                  </div>
    

      </td>
</tr>
<tr>
  <td class="method">
                  Login
      </td>
  <td class="duration">
    1.818s
  </td>
  <td class="result">
        
    
            <div class="testOutput">
                        Completed Executing : TC010_NationalityMasterUploadData.Login<br />
                                Test Case Name : Login<br />
                                Test Method Resides : Module.RegionalSetup.TC010_NationalityMasterUploadData<br />
                                Test Status : PASSED<br />
                  </div>
    

      </td>
</tr>
<tr>
  <td class="method">
                  Target_Page
      </td>
  <td class="duration">
    77.562s
  </td>
  <td class="result">
        
    
            <div class="testOutput">
                        Target page is open successfully<br />
                                Completed Executing : TC010_NationalityMasterUploadData.Target_Page<br />
                                Test Case Name : Target_Page<br />
                                Test Method Resides : Module.RegionalSetup.TC010_NationalityMasterUploadData<br />
                                Test Status : PASSED<br />
                  </div>
    

      </td>
</tr>
      </table>
  
</body>
</html>
