<?xml version="1.0" encoding="utf-8" ?>
<!DOCTYPE html PUBLIC "-//W3C//DTD XHTML 1.0 Strict//EN"
        "http://www.w3.org/TR/xhtml1/DTD/xhtml1-strict.dtd">
<html xmlns="http://www.w3.org/1999/xhtml" xml:lang="" lang="">
<head>
  <title>Test Results Report - Upload Master</title>
  <meta http-equiv="Content-Type" content="text/html;charset=utf-8" />
  <meta name="description" content="TestNG unit test results." />
  <link href="reportng.css" rel="stylesheet" type="text/css" />
    <script type="text/javascript" src="reportng.js"></script>
</head>
<body>
<h1>Upload Master</h1>
<p>
  Test duration: 443.483s
</p>



  <table class="resultsTable">
    <tr><th colspan="3" class="header failed">Failed Tests</th></tr>
          <tr>
        <td colspan="3" class="group">Module.GeneralSetup.TC003_UploadMaster</td>
      </tr>
            
<tr>
  <td class="method">
                  Data_Upload
      </td>
  <td class="duration">
    326.085s
  </td>
  <td class="result">
        
          <i>Method arguments: </i><span class="arguments">"Upload Name", "Country Master", "ADD", "D:\\SVN\\QA-Testing-Doc\\Quality Assurance\\AutomationTestScript\\EnterpriseSetup_Regression\\src\\pom\\UploadMasterEXEFiles\\CountryMaster.exe", "y"</span><br />
    
            <div class="testOutput">
                        Completed Executing : TC003_UploadMaster.Data_Upload<br />
                                Test Method Resides : Module.GeneralSetup.TC003_UploadMaster<br />
                                Test Method had the following parameters : nullUpload Name,Country Master,ADD,D:\\SVN\\QA-Testing-Doc\\Quality Assurance\\AutomationTestScript\\EnterpriseSetup_Regression\\src\\pom\\UploadMasterEXEFiles\\CountryMaster.exe,y,<br />
                                Test Status : FAILED<br />
                  </div>
    

        <a href="javascript:toggleElement('exception-0', 'block')" title="Click to expand/collapse"><b>java.lang.AssertionError: Page crashed : Alert Box Not Present expected [true] but found [false]</b></a><br />
    <div class="stackTrace" id="exception-0">
              org.testng.Assert.fail(Assert.java:94)<br />
              org.testng.Assert.failNotEquals(Assert.java:496)<br />
              org.testng.Assert.assertTrue(Assert.java:42)<br />
              pom.ObjectPages.uiActions.UploadMasterRevised.Test_data_upload(UploadMasterRevised.java:98)<br />
              Module.GeneralSetup.TC003_UploadMaster.Data_Upload(TC003_UploadMaster.java:74)<br />
              sun.reflect.NativeMethodAccessorImpl.invoke0(Native Method)<br />
              sun.reflect.NativeMethodAccessorImpl.invoke(Unknown Source)<br />
              sun.reflect.DelegatingMethodAccessorImpl.invoke(Unknown Source)<br />
              java.lang.reflect.Method.invoke(Unknown Source)<br />
              org.testng.internal.MethodInvocationHelper.invokeMethod(MethodInvocationHelper.java:85)<br />
              org.testng.internal.Invoker.invokeMethod(Invoker.java:639)<br />
              org.testng.internal.Invoker.invokeTestMethod(Invoker.java:821)<br />
              org.testng.internal.Invoker.invokeTestMethods(Invoker.java:1131)<br />
              org.testng.internal.TestMethodWorker.invokeTestMethods(TestMethodWorker.java:124)<br />
              org.testng.internal.TestMethodWorker.run(TestMethodWorker.java:108)<br />
              org.testng.TestRunner.privateRun(TestRunner.java:773)<br />
              org.testng.TestRunner.run(TestRunner.java:623)<br />
              org.testng.SuiteRunner.runTest(SuiteRunner.java:357)<br />
              org.testng.SuiteRunner.access$000(SuiteRunner.java:39)<br />
              org.testng.SuiteRunner$SuiteWorker.run(SuiteRunner.java:391)<br />
              org.testng.internal.thread.ThreadUtil$2.call(ThreadUtil.java:64)<br />
              java.util.concurrent.FutureTask.run(Unknown Source)<br />
              java.util.concurrent.ThreadPoolExecutor.runWorker(Unknown Source)<br />
              java.util.concurrent.ThreadPoolExecutor$Worker.run(Unknown Source)<br />
              java.lang.Thread.run(Unknown Source)<br />
                </div>
      </td>
</tr>
      </table>


  <table class="resultsTable">
    <tr><th colspan="3" class="header passed">Passed Tests</th></tr>
          <tr>
        <td colspan="3" class="group">Module.GeneralSetup.TC003_UploadMaster</td>
      </tr>
            
<tr>
  <td class="method">
                  Login
      </td>
  <td class="duration">
    1.141s
  </td>
  <td class="result">
        
    
            <div class="testOutput">
                        Completed Executing : TC003_UploadMaster.Login<br />
                                Test Case Name : Login<br />
                                Test Method Resides : Module.GeneralSetup.TC003_UploadMaster<br />
                                Test Status : PASSED<br />
                  </div>
    

      </td>
</tr>
<tr>
  <td class="method">
                  Target_Page
      </td>
  <td class="duration">
    69.799s
  </td>
  <td class="result">
        
    
            <div class="testOutput">
                        Target page is open successfully<br />
                                Completed Executing : TC003_UploadMaster.Target_Page<br />
                                Test Case Name : Target_Page<br />
                                Test Method Resides : Module.GeneralSetup.TC003_UploadMaster<br />
                                Test Status : PASSED<br />
                  </div>
    

      </td>
</tr>
      </table>
  
</body>
</html>
