<?xml version="1.0" encoding="utf-8" ?>
<!DOCTYPE html PUBLIC "-//W3C//DTD XHTML 1.0 Strict//EN"
        "http://www.w3.org/TR/xhtml1/DTD/xhtml1-strict.dtd">
<html xmlns="http://www.w3.org/1999/xhtml" xml:lang="" lang="">
<head>
  <title>Test Results Report - State Master</title>
  <meta http-equiv="Content-Type" content="text/html;charset=utf-8" />
  <meta name="description" content="TestNG unit test results." />
  <link href="reportng.css" rel="stylesheet" type="text/css" />
    <script type="text/javascript" src="reportng.js"></script>
</head>
<body>
<h1>State Master</h1>
<p>
  Test duration: 292.125s
</p>



  <table class="resultsTable">
    <tr><th colspan="3" class="header failed">Failed Tests</th></tr>
          <tr>
        <td colspan="3" class="group">Module.RegionalSetup.TC008_StateMasterUploadData</td>
      </tr>
            
<tr>
  <td class="method">
                  Data_Upload
      </td>
  <td class="duration">
    13.787s
  </td>
  <td class="result">
        
          <i>Method arguments: </i><span class="arguments">"india", "387", "DHM", "Yes", "No"</span><br />
    
            <div class="testOutput">
                        State Master Data Not Added successfully : page crashed<br />
                                Completed Executing : TC008_StateMasterUploadData.Data_Upload<br />
                                Test Method Resides : Module.RegionalSetup.TC008_StateMasterUploadData<br />
                                Test Method had the following parameters : nullindia,387,DHM,Yes,No,<br />
                                Test Status : FAILED<br />
                  </div>
    

        <a href="javascript:toggleElement('exception-0', 'block')" title="Click to expand/collapse"><b>java.lang.AssertionError: Expected : [Record Saved Successfully.] But Found : [Enter State Code .]</b></a><br />
    <div class="stackTrace" id="exception-0">
              org.testng.Assert.fail(Assert.java:94)<br />
              Module.RegionalSetup.TC008_StateMasterUploadData.Data_Upload(TC008_StateMasterUploadData.java:88)<br />
              sun.reflect.NativeMethodAccessorImpl.invoke0(Native Method)<br />
              sun.reflect.NativeMethodAccessorImpl.invoke(Unknown Source)<br />
              sun.reflect.DelegatingMethodAccessorImpl.invoke(Unknown Source)<br />
              java.lang.reflect.Method.invoke(Unknown Source)<br />
              org.testng.internal.MethodInvocationHelper.invokeMethod(MethodInvocationHelper.java:85)<br />
              org.testng.internal.Invoker.invokeMethod(Invoker.java:639)<br />
              org.testng.internal.Invoker.invokeTestMethod(Invoker.java:821)<br />
              org.testng.internal.Invoker.invokeTestMethods(Invoker.java:1131)<br />
              org.testng.internal.TestMethodWorker.invokeTestMethods(TestMethodWorker.java:124)<br />
              org.testng.internal.TestMethodWorker.run(TestMethodWorker.java:108)<br />
              org.testng.TestRunner.privateRun(TestRunner.java:773)<br />
              org.testng.TestRunner.run(TestRunner.java:623)<br />
              org.testng.SuiteRunner.runTest(SuiteRunner.java:357)<br />
              org.testng.SuiteRunner.access$000(SuiteRunner.java:39)<br />
              org.testng.SuiteRunner$SuiteWorker.run(SuiteRunner.java:391)<br />
              org.testng.internal.thread.ThreadUtil$2.call(ThreadUtil.java:64)<br />
              java.util.concurrent.FutureTask.run(Unknown Source)<br />
              java.util.concurrent.ThreadPoolExecutor.runWorker(Unknown Source)<br />
              java.util.concurrent.ThreadPoolExecutor$Worker.run(Unknown Source)<br />
              java.lang.Thread.run(Unknown Source)<br />
                </div>
      </td>
</tr>
<tr>
  <td class="method">
                  Data_Upload
      </td>
  <td class="duration">
    13.824s
  </td>
  <td class="result">
        
          <i>Method arguments: </i><span class="arguments">"india", "388", "DHJ", "No", "Yes"</span><br />
    
            <div class="testOutput">
                        Completed Executing : TC008_StateMasterUploadData.Data_Upload<br />
                                Test Method Resides : Module.RegionalSetup.TC008_StateMasterUploadData<br />
                                Test Method had the following parameters : nullindia,388,DHJ,No,Yes,<br />
                                Test Status : FAILED<br />
                  </div>
    

        <a href="javascript:toggleElement('exception-1', 'block')" title="Click to expand/collapse"><b>org.openqa.selenium.NoAlertPresentException: No alert is present (WARNING: The server did not provide any stacktrace information)<br/>
Command duration or timeout: 2.21 seconds<br/>
Build info: version: &apos;2.48.2&apos;, revision: &apos;41bccdd&apos;, time: &apos;2015-10-09 19:55:52&apos;<br/>
System info: host: &apos;OSO-DTP-057&apos;, ip: &apos;192.168.32.37&apos;, os.name: &apos;Windows 8.1&apos;, os.arch: &apos;x86&apos;, os.version: &apos;6.3&apos;, java.version: &apos;1.8.0_25&apos;<br/>
Driver info: org.openqa.selenium.firefox.FirefoxDriver<br/>
Capabilities [{applicationCacheEnabled=true, rotatable=false, handlesAlerts=true, databaseEnabled=true, version=36.0.1, platform=WINDOWS, nativeEvents=false, acceptSslCerts=true, webStorageEnabled=true, locationContextEnabled=true, browserName=firefox, takesScreenshot=true, javascriptEnabled=true, cssSelectorsEnabled=true}]<br/>
Session ID: 6d61b8be-5026-412a-8bba-391afd49096c</b></a><br />
    <div class="stackTrace" id="exception-1">
              sun.reflect.GeneratedConstructorAccessor54.newInstance(Unknown Source)<br />
              sun.reflect.DelegatingConstructorAccessorImpl.newInstance(Unknown Source)<br />
              java.lang.reflect.Constructor.newInstance(Unknown Source)<br />
              org.openqa.selenium.remote.ErrorHandler.createThrowable(ErrorHandler.java:206)<br />
              org.openqa.selenium.remote.ErrorHandler.throwIfResponseFailed(ErrorHandler.java:158)<br />
              org.openqa.selenium.remote.RemoteWebDriver.execute(RemoteWebDriver.java:647)<br />
              org.openqa.selenium.remote.RemoteWebDriver.execute(RemoteWebDriver.java:670)<br />
              org.openqa.selenium.remote.RemoteWebDriver$RemoteTargetLocator.alert(RemoteWebDriver.java:1007)<br />
              pom.TestBase.BaseClass.AlertBoxText(BaseClass.java:249)<br />
              pom.ObjectPages.uiActions.StateMaster.Test_AddNewDataUpload(StateMaster.java:94)<br />
              Module.RegionalSetup.TC008_StateMasterUploadData.Data_Upload(TC008_StateMasterUploadData.java:76)<br />
              sun.reflect.NativeMethodAccessorImpl.invoke0(Native Method)<br />
              sun.reflect.NativeMethodAccessorImpl.invoke(Unknown Source)<br />
              sun.reflect.DelegatingMethodAccessorImpl.invoke(Unknown Source)<br />
              java.lang.reflect.Method.invoke(Unknown Source)<br />
              org.testng.internal.MethodInvocationHelper.invokeMethod(MethodInvocationHelper.java:85)<br />
              org.testng.internal.Invoker.invokeMethod(Invoker.java:639)<br />
              org.testng.internal.Invoker.invokeTestMethod(Invoker.java:821)<br />
              org.testng.internal.Invoker.invokeTestMethods(Invoker.java:1131)<br />
              org.testng.internal.TestMethodWorker.invokeTestMethods(TestMethodWorker.java:124)<br />
              org.testng.internal.TestMethodWorker.run(TestMethodWorker.java:108)<br />
              org.testng.TestRunner.privateRun(TestRunner.java:773)<br />
              org.testng.TestRunner.run(TestRunner.java:623)<br />
              org.testng.SuiteRunner.runTest(SuiteRunner.java:357)<br />
              org.testng.SuiteRunner.access$000(SuiteRunner.java:39)<br />
              org.testng.SuiteRunner$SuiteWorker.run(SuiteRunner.java:391)<br />
              org.testng.internal.thread.ThreadUtil$2.call(ThreadUtil.java:64)<br />
              java.util.concurrent.FutureTask.run(Unknown Source)<br />
              java.util.concurrent.ThreadPoolExecutor.runWorker(Unknown Source)<br />
              java.util.concurrent.ThreadPoolExecutor$Worker.run(Unknown Source)<br />
              java.lang.Thread.run(Unknown Source)<br />
                </div>
      </td>
</tr>
      </table>


  <table class="resultsTable">
    <tr><th colspan="3" class="header passed">Passed Tests</th></tr>
          <tr>
        <td colspan="3" class="group">Module.RegionalSetup.TC008_StateMasterUploadData</td>
      </tr>
            
<tr>
  <td class="method">
                  AddNew_Button
      </td>
  <td class="duration">
    3.387s
  </td>
  <td class="result">
        
    
            <div class="testOutput">
                        Add New Button is working properly<br />
                                Completed Executing : TC008_StateMasterUploadData.AddNew_Button<br />
                                Test Case Name : AddNew_Button<br />
                                Test Method Resides : Module.RegionalSetup.TC008_StateMasterUploadData<br />
                                Test Status : PASSED<br />
                  </div>
    

      </td>
</tr>
<tr>
  <td class="method">
                  Login
      </td>
  <td class="duration">
    1.332s
  </td>
  <td class="result">
        
    
            <div class="testOutput">
                        Completed Executing : TC008_StateMasterUploadData.Login<br />
                                Test Case Name : Login<br />
                                Test Method Resides : Module.RegionalSetup.TC008_StateMasterUploadData<br />
                                Test Status : PASSED<br />
                  </div>
    

      </td>
</tr>
<tr>
  <td class="method">
                  Target_Page
      </td>
  <td class="duration">
    170.386s
  </td>
  <td class="result">
        
    
            <div class="testOutput">
                        Target page is open successfully<br />
                                Completed Executing : TC008_StateMasterUploadData.Target_Page<br />
                                Test Case Name : Target_Page<br />
                                Test Method Resides : Module.RegionalSetup.TC008_StateMasterUploadData<br />
                                Test Status : PASSED<br />
                  </div>
    

      </td>
</tr>
      </table>
  
</body>
</html>
