<?xml version="1.0" encoding="UTF-8"?>
<testsuite name="City Master"
           tests="4"
           failures="1"
           errors="0"
           skipped="0"
           time="62.163">
  <properties />
            <testcase name="Data_Upload" time="9.450" classname="Module.RegionalSetup.TC009_CityMasterUploadData">
                <failure type="java.lang.AssertionError"
                  message="Record Not saved successfully OR Page Crashed : Alert Box Not Present"
              >
<![CDATA[java.lang.AssertionError: Record Not saved successfully OR Page Crashed : Alert Box Not Present
  org.testng.Assert.fail(Assert.java:94)
  pom.ObjectPages.uiActions.CityMaster.Test_AddNewDataUpload(CityMaster.java:102)
  Module.RegionalSetup.TC009_CityMasterUploadData.Data_Upload(TC009_CityMasterUploadData.java:80)
  sun.reflect.NativeMethodAccessorImpl.invoke0(Native Method)
  sun.reflect.NativeMethodAccessorImpl.invoke(Unknown Source)
  sun.reflect.DelegatingMethodAccessorImpl.invoke(Unknown Source)
  java.lang.reflect.Method.invoke(Unknown Source)
  org.testng.internal.MethodInvocationHelper.invokeMethod(MethodInvocationHelper.java:85)
  org.testng.internal.Invoker.invokeMethod(Invoker.java:639)
  org.testng.internal.Invoker.invokeTestMethod(Invoker.java:821)
  org.testng.internal.Invoker.invokeTestMethods(Invoker.java:1131)
  org.testng.internal.TestMethodWorker.invokeTestMethods(TestMethodWorker.java:124)
  org.testng.internal.TestMethodWorker.run(TestMethodWorker.java:108)
  org.testng.TestRunner.privateRun(TestRunner.java:773)
  org.testng.TestRunner.run(TestRunner.java:623)
  org.testng.SuiteRunner.runTest(SuiteRunner.java:357)
  org.testng.SuiteRunner.access$000(SuiteRunner.java:39)
  org.testng.SuiteRunner$SuiteWorker.run(SuiteRunner.java:391)
  org.testng.internal.thread.ThreadUtil$2.call(ThreadUtil.java:64)
  java.util.concurrent.FutureTask.run(Unknown Source)
  java.util.concurrent.ThreadPoolExecutor.runWorker(Unknown Source)
  java.util.concurrent.ThreadPoolExecutor$Worker.run(Unknown Source)
  java.lang.Thread.run(Unknown Source)
]]>
      </failure>

          </testcase>
  
  
            <testcase name="Login" time="1.319" classname="Module.RegionalSetup.TC009_CityMasterUploadData" />
                <testcase name="Target_Page" time="45.351" classname="Module.RegionalSetup.TC009_CityMasterUploadData" />
                <testcase name="AddNew_Button" time="6.043" classname="Module.RegionalSetup.TC009_CityMasterUploadData" />
      
</testsuite>
