<?xml version="1.0" encoding="UTF-8"?>
<testsuite name="Nationality Master"
           tests="4"
           failures="1"
           errors="0"
           skipped="0"
           time="123.922">
  <properties />
            <testcase name="Data_Upload" time="8.325" classname="Module.RegionalSetup.TC010_NationalityMasterUploadData">
                <failure type="java.lang.AssertionError"
                  message="Expected : [Record Saved Successfully.] But Found : [Nationality Code Already Exists.]"
              >
<![CDATA[java.lang.AssertionError: Expected : [Record Saved Successfully.] But Found : [Nationality Code Already Exists.]
  org.testng.Assert.fail(Assert.java:94)
  Module.RegionalSetup.TC010_NationalityMasterUploadData.Data_Upload(TC010_NationalityMasterUploadData.java:88)
  sun.reflect.NativeMethodAccessorImpl.invoke0(Native Method)
  sun.reflect.NativeMethodAccessorImpl.invoke(Unknown Source)
  sun.reflect.DelegatingMethodAccessorImpl.invoke(Unknown Source)
  java.lang.reflect.Method.invoke(Unknown Source)
  org.testng.internal.MethodInvocationHelper.invokeMethod(MethodInvocationHelper.java:85)
  org.testng.internal.Invoker.invokeMethod(Invoker.java:639)
  org.testng.internal.Invoker.invokeTestMethod(Invoker.java:821)
  org.testng.internal.Invoker.invokeTestMethods(Invoker.java:1131)
  org.testng.internal.TestMethodWorker.invokeTestMethods(TestMethodWorker.java:124)
  org.testng.internal.TestMethodWorker.run(TestMethodWorker.java:108)
  org.testng.TestRunner.privateRun(TestRunner.java:773)
  org.testng.TestRunner.run(TestRunner.java:623)
  org.testng.SuiteRunner.runTest(SuiteRunner.java:357)
  org.testng.SuiteRunner.access$000(SuiteRunner.java:39)
  org.testng.SuiteRunner$SuiteWorker.run(SuiteRunner.java:391)
  org.testng.internal.thread.ThreadUtil$2.call(ThreadUtil.java:64)
  java.util.concurrent.FutureTask.run(Unknown Source)
  java.util.concurrent.ThreadPoolExecutor.runWorker(Unknown Source)
  java.util.concurrent.ThreadPoolExecutor$Worker.run(Unknown Source)
  java.lang.Thread.run(Unknown Source)
]]>
      </failure>

          </testcase>
  
  
            <testcase name="AddNew_Button" time="36.217" classname="Module.RegionalSetup.TC010_NationalityMasterUploadData" />
                <testcase name="Login" time="1.818" classname="Module.RegionalSetup.TC010_NationalityMasterUploadData" />
                <testcase name="Target_Page" time="77.562" classname="Module.RegionalSetup.TC010_NationalityMasterUploadData" />
      
</testsuite>
