<?xml version="1.0" encoding="UTF-8"?>
<!-- Generated by org.testng.reporters.JUnitXMLReporter -->
<testsuite hostname="OSO-DTP-057" name="Poll Quiz Setup" tests="5" failures="1" timestamp="16 Nov 2017 04:52:32 GMT" time="301.46" errors="0">
  <testcase name="Login" time="1.339" classname="Module.GeneralSetup.TC006_PollQuizSetupUploadData"/>
  <testcase name="Target_Page" time="56.669" classname="Module.GeneralSetup.TC006_PollQuizSetupUploadData"/>
  <testcase name="AddNew_Button" time="50.872" classname="Module.GeneralSetup.TC006_PollQuizSetupUploadData"/>
  <testcase name="Poll_Quiz_Setup_Data_Upload" time="108.342" classname="Module.GeneralSetup.TC006_PollQuizSetupUploadData">
    <failure type="org.openqa.selenium.NoAlertPresentException" message="No alert is present (WARNING: The server did not provide any stacktrace information)
Command duration or timeout: 2.16 seconds
Build info: version: &amp;apos;2.48.2&amp;apos;, revision: &amp;apos;41bccdd&amp;apos;, time: &amp;apos;2015-10-09 19:55:52&amp;apos;
System info: host: &amp;apos;OSO-DTP-057&amp;apos;, ip: &amp;apos;192.168.32.37&amp;apos;, os.name: &amp;apos;Windows 8.1&amp;apos;, os.arch: &amp;apos;x86&amp;apos;, os.version: &amp;apos;6.3&amp;apos;, java.version: &amp;apos;1.8.0_25&amp;apos;
Driver info: org.openqa.selenium.firefox.FirefoxDriver
Capabilities [{applicationCacheEnabled=true, rotatable=false, handlesAlerts=true, databaseEnabled=true, version=36.0.1, platform=WINDOWS, nativeEvents=false, acceptSslCerts=true, webStorageEnabled=true, locationContextEnabled=true, browserName=firefox, takesScreenshot=true, javascriptEnabled=true, cssSelectorsEnabled=true}]
Session ID: 9a0813ef-e122-4691-b77a-ab7581bb39ea">
      <![CDATA[org.openqa.selenium.NoAlertPresentException: No alert is present (WARNING: The server did not provide any stacktrace information)
Command duration or timeout: 2.16 seconds
Build info: version: '2.48.2', revision: '41bccdd', time: '2015-10-09 19:55:52'
System info: host: 'OSO-DTP-057', ip: '192.168.32.37', os.name: 'Windows 8.1', os.arch: 'x86', os.version: '6.3', java.version: '1.8.0_25'
Driver info: org.openqa.selenium.firefox.FirefoxDriver
Capabilities [{applicationCacheEnabled=true, rotatable=false, handlesAlerts=true, databaseEnabled=true, version=36.0.1, platform=WINDOWS, nativeEvents=false, acceptSslCerts=true, webStorageEnabled=true, locationContextEnabled=true, browserName=firefox, takesScreenshot=true, javascriptEnabled=true, cssSelectorsEnabled=true}]
Session ID: 9a0813ef-e122-4691-b77a-ab7581bb39ea
	at org.openqa.selenium.remote.ErrorHandler.createThrowable(ErrorHandler.java:206)
	at org.openqa.selenium.remote.ErrorHandler.throwIfResponseFailed(ErrorHandler.java:158)
	at org.openqa.selenium.remote.RemoteWebDriver.execute(RemoteWebDriver.java:647)
	at org.openqa.selenium.remote.RemoteWebDriver.execute(RemoteWebDriver.java:670)
	at org.openqa.selenium.remote.RemoteWebDriver$RemoteTargetLocator.alert(RemoteWebDriver.java:1007)
	at pom.TestBase.BaseClass.AlertBoxText(BaseClass.java:249)
	at pom.ObjectPages.uiActions.PollQuizSetup.Test_AddNewDataUpload(PollQuizSetup.java:134)
	at Module.GeneralSetup.TC006_PollQuizSetupUploadData.Poll_Quiz_Setup_Data_Upload(TC006_PollQuizSetupUploadData.java:78)
	at java.util.concurrent.FutureTask.run(Unknown Source)
	at java.util.concurrent.ThreadPoolExecutor.runWorker(Unknown Source)
	at java.util.concurrent.ThreadPoolExecutor$Worker.run(Unknown Source)
	at java.lang.Thread.run(Unknown Source)
... Removed 19 stack frames]]>
    </failure>
  </testcase> <!-- Poll_Quiz_Setup_Data_Upload -->
  <testcase name="Poll_Quiz_Setup_Data_Upload" time="30.264" classname="Module.GeneralSetup.TC006_PollQuizSetupUploadData">
    <skipped/>
  </testcase> <!-- Poll_Quiz_Setup_Data_Upload -->
</testsuite> <!-- Poll Quiz Setup -->
