<html>
<head>
<title>TestNG:  Poll Quiz Setup</title>
<link href="../testng.css" rel="stylesheet" type="text/css" />
<link href="../my-testng.css" rel="stylesheet" type="text/css" />

<style type="text/css">
.log { display: none;} 
.stack-trace { display: none;} 
</style>
<script type="text/javascript">
<!--
function flip(e) {
  current = e.style.display;
  if (current == 'block') {
    e.style.display = 'none';
    return 0;
  }
  else {
    e.style.display = 'block';
    return 1;
  }
}

function toggleBox(szDivId, elem, msg1, msg2)
{
  var res = -1;  if (document.getElementById) {
    res = flip(document.getElementById(szDivId));
  }
  else if (document.all) {
    // this is the way old msie versions work
    res = flip(document.all[szDivId]);
  }
  if(elem) {
    if(res == 0) elem.innerHTML = msg1; else elem.innerHTML = msg2;
  }

}

function toggleAllBoxes() {
  if (document.getElementsByTagName) {
    d = document.getElementsByTagName('div');
    for (i = 0; i < d.length; i++) {
      if (d[i].className == 'log') {
        flip(d[i]);
      }
    }
  }
}

// -->
</script>

</head>
<body>
<h2 align='center'>Poll Quiz Setup</h2><table border='1' align="center">
<tr>
<td>Tests passed/Failed/Skipped:</td><td>3/1/1</td>
</tr><tr>
<td>Started on:</td><td>Thu Nov 16 10:17:30 IST 2017</td>
</tr>
<tr><td>Total time:</td><td>301 seconds (301460 ms)</td>
</tr><tr>
<td>Included groups:</td><td></td>
</tr><tr>
<td>Excluded groups:</td><td></td>
</tr>
</table><p/>
<small><i>(Hover the method name to see the test class name)</i></small><p/>
<table width='100%' border='1' class='invocation-failed'>
<tr><td colspan='4' align='center'><b>FAILED TESTS</b></td></tr>
<tr><td><b>Test method</b></td>
<td width="30%"><b>Exception</b></td>
<td width="10%"><b>Time (seconds)</b></td>
<td><b>Instance</b></td>
</tr>
<tr>
<td title='Module.GeneralSetup.TC006_PollQuizSetupUploadData.Poll_Quiz_Setup_Data_Upload()'><b>Poll_Quiz_Setup_Data_Upload</b><br>Test class: Module.GeneralSetup.TC006_PollQuizSetupUploadData<br>Parameters: Poll, OS4569, poll, Objective, Yes, 13/09/2017, 20/09/2017, Company, Yes, WHAT IS TESTING<br/>
<a href="#Output-13389785" onClick='toggleBox("Output-13389785", this, "Show output", "Hide output");'>Show output</a>

<a href="#Output-13389785" onClick="toggleAllBoxes();">Show all outputs</a>
<div class='log' id="Output-13389785">
Completed Executing : TC006_PollQuizSetupUploadData.Poll_Quiz_Setup_Data_Upload<br/>
Test Method Resides : Module.GeneralSetup.TC006_PollQuizSetupUploadData<br/>
Test Method had the following parameters : nullPoll,OS4569,poll,Objective,Yes,13/09/2017,20/09/2017,Company,Yes,WHAT IS TESTING,<br/>
Test Status : FAILED<br/>
</div>
</td>
<td><div><pre>org.openqa.selenium.NoAlertPresentException: No alert is present (WARNING: The server did not provide any stacktrace information)
Command duration or timeout: 2.16 seconds
Build info: version: &apos;2.48.2&apos;, revision: &apos;41bccdd&apos;, time: &apos;2015-10-09 19:55:52&apos;
System info: host: &apos;OSO-DTP-057&apos;, ip: &apos;192.168.32.37&apos;, os.name: &apos;Windows 8.1&apos;, os.arch: &apos;x86&apos;, os.version: &apos;6.3&apos;, java.version: &apos;1.8.0_25&apos;
Driver info: org.openqa.selenium.firefox.FirefoxDriver
Capabilities [{applicationCacheEnabled=true, rotatable=false, handlesAlerts=true, databaseEnabled=true, version=36.0.1, platform=WINDOWS, nativeEvents=false, acceptSslCerts=true, webStorageEnabled=true, locationContextEnabled=true, browserName=firefox, takesScreenshot=true, javascriptEnabled=true, cssSelectorsEnabled=true}]
Session ID: 9a0813ef-e122-4691-b77a-ab7581bb39ea
	at org.openqa.selenium.remote.ErrorHandler.createThrowable(ErrorHandler.java:206)
	at org.openqa.selenium.remote.ErrorHandler.throwIfResponseFailed(ErrorHandler.java:158)
	at org.openqa.selenium.remote.RemoteWebDriver.execute(RemoteWebDriver.java:647)
	at org.openqa.selenium.remote.RemoteWebDriver.execute(RemoteWebDriver.java:670)
	at org.openqa.selenium.remote.RemoteWebDriver$RemoteTargetLocator.alert(RemoteWebDriver.java:1007)
	at pom.TestBase.BaseClass.AlertBoxText(BaseClass.java:249)
	at pom.ObjectPages.uiActions.PollQuizSetup.Test_AddNewDataUpload(PollQuizSetup.java:134)
	at Module.GeneralSetup.TC006_PollQuizSetupUploadData.Poll_Quiz_Setup_Data_Upload(TC006_PollQuizSetupUploadData.java:78)
	at java.util.concurrent.FutureTask.run(Unknown Source)
	at java.util.concurrent.ThreadPoolExecutor.runWorker(Unknown Source)
	at java.util.concurrent.ThreadPoolExecutor$Worker.run(Unknown Source)
	at java.lang.Thread.run(Unknown Source)
... Removed 19 stack frames</pre></div><a href='#' onClick='toggleBox("stack-trace13389785", this, "Click to show all stack frames", "Click to hide stack frames")'>Click to show all stack frames</a>
<div class='stack-trace' id='stack-trace13389785'><pre>org.openqa.selenium.NoAlertPresentException: No alert is present (WARNING: The server did not provide any stacktrace information)
Command duration or timeout: 2.16 seconds
Build info: version: &apos;2.48.2&apos;, revision: &apos;41bccdd&apos;, time: &apos;2015-10-09 19:55:52&apos;
System info: host: &apos;OSO-DTP-057&apos;, ip: &apos;192.168.32.37&apos;, os.name: &apos;Windows 8.1&apos;, os.arch: &apos;x86&apos;, os.version: &apos;6.3&apos;, java.version: &apos;1.8.0_25&apos;
Driver info: org.openqa.selenium.firefox.FirefoxDriver
Capabilities [{applicationCacheEnabled=true, rotatable=false, handlesAlerts=true, databaseEnabled=true, version=36.0.1, platform=WINDOWS, nativeEvents=false, acceptSslCerts=true, webStorageEnabled=true, locationContextEnabled=true, browserName=firefox, takesScreenshot=true, javascriptEnabled=true, cssSelectorsEnabled=true}]
Session ID: 9a0813ef-e122-4691-b77a-ab7581bb39ea
	at sun.reflect.GeneratedConstructorAccessor54.newInstance(Unknown Source)
	at sun.reflect.DelegatingConstructorAccessorImpl.newInstance(Unknown Source)
	at java.lang.reflect.Constructor.newInstance(Unknown Source)
	at org.openqa.selenium.remote.ErrorHandler.createThrowable(ErrorHandler.java:206)
	at org.openqa.selenium.remote.ErrorHandler.throwIfResponseFailed(ErrorHandler.java:158)
	at org.openqa.selenium.remote.RemoteWebDriver.execute(RemoteWebDriver.java:647)
	at org.openqa.selenium.remote.RemoteWebDriver.execute(RemoteWebDriver.java:670)
	at org.openqa.selenium.remote.RemoteWebDriver$RemoteTargetLocator.alert(RemoteWebDriver.java:1007)
	at pom.TestBase.BaseClass.AlertBoxText(BaseClass.java:249)
	at pom.ObjectPages.uiActions.PollQuizSetup.Test_AddNewDataUpload(PollQuizSetup.java:134)
	at Module.GeneralSetup.TC006_PollQuizSetupUploadData.Poll_Quiz_Setup_Data_Upload(TC006_PollQuizSetupUploadData.java:78)
	at sun.reflect.NativeMethodAccessorImpl.invoke0(Native Method)
	at sun.reflect.NativeMethodAccessorImpl.invoke(Unknown Source)
	at sun.reflect.DelegatingMethodAccessorImpl.invoke(Unknown Source)
	at java.lang.reflect.Method.invoke(Unknown Source)
	at org.testng.internal.MethodInvocationHelper.invokeMethod(MethodInvocationHelper.java:85)
	at org.testng.internal.Invoker.invokeMethod(Invoker.java:639)
	at org.testng.internal.Invoker.invokeTestMethod(Invoker.java:821)
	at org.testng.internal.Invoker.invokeTestMethods(Invoker.java:1131)
	at org.testng.internal.TestMethodWorker.invokeTestMethods(TestMethodWorker.java:124)
	at org.testng.internal.TestMethodWorker.run(TestMethodWorker.java:108)
	at org.testng.TestRunner.privateRun(TestRunner.java:773)
	at org.testng.TestRunner.run(TestRunner.java:623)
	at org.testng.SuiteRunner.runTest(SuiteRunner.java:357)
	at org.testng.SuiteRunner.access$000(SuiteRunner.java:39)
	at org.testng.SuiteRunner$SuiteWorker.run(SuiteRunner.java:391)
	at org.testng.internal.thread.ThreadUtil$2.call(ThreadUtil.java:64)
	at java.util.concurrent.FutureTask.run(Unknown Source)
	at java.util.concurrent.ThreadPoolExecutor.runWorker(Unknown Source)
	at java.util.concurrent.ThreadPoolExecutor$Worker.run(Unknown Source)
	at java.lang.Thread.run(Unknown Source)
</pre></div></td>
<td>108</td>
<td>Module.GeneralSetup.TC006_PollQuizSetupUploadData@e52303</td></tr>
</table><p>
<table width='100%' border='1' class='invocation-passed'>
<tr><td colspan='4' align='center'><b>PASSED TESTS</b></td></tr>
<tr><td><b>Test method</b></td>
<td width="30%"><b>Exception</b></td>
<td width="10%"><b>Time (seconds)</b></td>
<td><b>Instance</b></td>
</tr>
<tr>
<td title='Module.GeneralSetup.TC006_PollQuizSetupUploadData.AddNew_Button()'><b>AddNew_Button</b><br>Test class: Module.GeneralSetup.TC006_PollQuizSetupUploadData<br/>
<a href="#Output-26371673" onClick='toggleBox("Output-26371673", this, "Show output", "Hide output");'>Show output</a>

<a href="#Output-26371673" onClick="toggleAllBoxes();">Show all outputs</a>
<div class='log' id="Output-26371673">
Add New Button is working properly<br/>
Completed Executing : TC006_PollQuizSetupUploadData.AddNew_Button<br/>
Test Case Name : AddNew_Button<br/>
Test Method Resides : Module.GeneralSetup.TC006_PollQuizSetupUploadData<br/>
Test Status : PASSED<br/>
</div>
</td>
<td></td>
<td>50</td>
<td>Module.GeneralSetup.TC006_PollQuizSetupUploadData@e52303</td></tr>
<tr>
<td title='Module.GeneralSetup.TC006_PollQuizSetupUploadData.Login()'><b>Login</b><br>Test class: Module.GeneralSetup.TC006_PollQuizSetupUploadData<br/>
<a href="#Output-12822702" onClick='toggleBox("Output-12822702", this, "Show output", "Hide output");'>Show output</a>

<a href="#Output-12822702" onClick="toggleAllBoxes();">Show all outputs</a>
<div class='log' id="Output-12822702">
Completed Executing : TC006_PollQuizSetupUploadData.Login<br/>
Test Case Name : Login<br/>
Test Method Resides : Module.GeneralSetup.TC006_PollQuizSetupUploadData<br/>
Test Status : PASSED<br/>
</div>
</td>
<td></td>
<td>1</td>
<td>Module.GeneralSetup.TC006_PollQuizSetupUploadData@e52303</td></tr>
<tr>
<td title='Module.GeneralSetup.TC006_PollQuizSetupUploadData.Target_Page()'><b>Target_Page</b><br>Test class: Module.GeneralSetup.TC006_PollQuizSetupUploadData<br/>
<a href="#Output-4963589" onClick='toggleBox("Output-4963589", this, "Show output", "Hide output");'>Show output</a>

<a href="#Output-4963589" onClick="toggleAllBoxes();">Show all outputs</a>
<div class='log' id="Output-4963589">
Target page is open successfully<br/>
Completed Executing : TC006_PollQuizSetupUploadData.Target_Page<br/>
Test Case Name : Target_Page<br/>
Test Method Resides : Module.GeneralSetup.TC006_PollQuizSetupUploadData<br/>
Test Status : PASSED<br/>
</div>
</td>
<td></td>
<td>56</td>
<td>Module.GeneralSetup.TC006_PollQuizSetupUploadData@e52303</td></tr>
</table><p>
<table width='100%' border='1' class='invocation-skipped'>
<tr><td colspan='4' align='center'><b>SKIPPED TESTS</b></td></tr>
<tr><td><b>Test method</b></td>
<td width="30%"><b>Exception</b></td>
<td width="10%"><b>Time (seconds)</b></td>
<td><b>Instance</b></td>
</tr>
<tr>
<td title='Module.GeneralSetup.TC006_PollQuizSetupUploadData.Poll_Quiz_Setup_Data_Upload()'><b>Poll_Quiz_Setup_Data_Upload</b><br>Test class: Module.GeneralSetup.TC006_PollQuizSetupUploadData<br>Parameters: Poll, OS4570, poll, Objective, Yes, 15/09/2018, 22/09/2018, Company, Yes, WHAT IS TESTING<br/>
<a href="#Output-252688" onClick='toggleBox("Output-252688", this, "Show output", "Hide output");'>Show output</a>

<a href="#Output-252688" onClick="toggleAllBoxes();">Show all outputs</a>
<div class='log' id="Output-252688">
Completed Executing : TC006_PollQuizSetupUploadData.Poll_Quiz_Setup_Data_Upload<br/>
Test Case Name : Poll_Quiz_Setup_Data_Upload<br/>
Test Method Resides : Module.GeneralSetup.TC006_PollQuizSetupUploadData<br/>
Test Method had the following parameters : nullPoll,OS4570,poll,Objective,Yes,15/09/2018,22/09/2018,Company,Yes,WHAT IS TESTING,<br/>
Test Status : SKIPPED<br/>
</div>
</td>
<td><div><pre>org.testng.SkipException: Not Found Element : Add New Button
	at pom.TestBase.BaseClass.click(BaseClass.java:122)
	at pom.ObjectPages.uiActions.PollQuizSetup.Test_AddNewDataUpload(PollQuizSetup.java:93)
	at Module.GeneralSetup.TC006_PollQuizSetupUploadData.Poll_Quiz_Setup_Data_Upload(TC006_PollQuizSetupUploadData.java:78)
	at java.util.concurrent.FutureTask.run(Unknown Source)
	at java.util.concurrent.ThreadPoolExecutor.runWorker(Unknown Source)
	at java.util.concurrent.ThreadPoolExecutor$Worker.run(Unknown Source)
	at java.lang.Thread.run(Unknown Source)
... Removed 16 stack frames</pre></div><a href='#' onClick='toggleBox("stack-trace252688", this, "Click to show all stack frames", "Click to hide stack frames")'>Click to show all stack frames</a>
<div class='stack-trace' id='stack-trace252688'><pre>org.testng.SkipException: Not Found Element : Add New Button
	at pom.TestBase.BaseClass.click(BaseClass.java:122)
	at pom.ObjectPages.uiActions.PollQuizSetup.Test_AddNewDataUpload(PollQuizSetup.java:93)
	at Module.GeneralSetup.TC006_PollQuizSetupUploadData.Poll_Quiz_Setup_Data_Upload(TC006_PollQuizSetupUploadData.java:78)
	at sun.reflect.NativeMethodAccessorImpl.invoke0(Native Method)
	at sun.reflect.NativeMethodAccessorImpl.invoke(Unknown Source)
	at sun.reflect.DelegatingMethodAccessorImpl.invoke(Unknown Source)
	at java.lang.reflect.Method.invoke(Unknown Source)
	at org.testng.internal.MethodInvocationHelper.invokeMethod(MethodInvocationHelper.java:85)
	at org.testng.internal.Invoker.invokeMethod(Invoker.java:639)
	at org.testng.internal.Invoker.invokeTestMethod(Invoker.java:821)
	at org.testng.internal.Invoker.invokeTestMethods(Invoker.java:1131)
	at org.testng.internal.TestMethodWorker.invokeTestMethods(TestMethodWorker.java:124)
	at org.testng.internal.TestMethodWorker.run(TestMethodWorker.java:108)
	at org.testng.TestRunner.privateRun(TestRunner.java:773)
	at org.testng.TestRunner.run(TestRunner.java:623)
	at org.testng.SuiteRunner.runTest(SuiteRunner.java:357)
	at org.testng.SuiteRunner.access$000(SuiteRunner.java:39)
	at org.testng.SuiteRunner$SuiteWorker.run(SuiteRunner.java:391)
	at org.testng.internal.thread.ThreadUtil$2.call(ThreadUtil.java:64)
	at java.util.concurrent.FutureTask.run(Unknown Source)
	at java.util.concurrent.ThreadPoolExecutor.runWorker(Unknown Source)
	at java.util.concurrent.ThreadPoolExecutor$Worker.run(Unknown Source)
	at java.lang.Thread.run(Unknown Source)
</pre></div></td>
<td>30</td>
<td>Module.GeneralSetup.TC006_PollQuizSetupUploadData@e52303</td></tr>
</table><p>
</body>
</html>