<html>
<head>
<title>TestNG:  State Master</title>
<link href="../testng.css" rel="stylesheet" type="text/css" />
<link href="../my-testng.css" rel="stylesheet" type="text/css" />

<style type="text/css">
.log { display: none;} 
.stack-trace { display: none;} 
</style>
<script type="text/javascript">
<!--
function flip(e) {
  current = e.style.display;
  if (current == 'block') {
    e.style.display = 'none';
    return 0;
  }
  else {
    e.style.display = 'block';
    return 1;
  }
}

function toggleBox(szDivId, elem, msg1, msg2)
{
  var res = -1;  if (document.getElementById) {
    res = flip(document.getElementById(szDivId));
  }
  else if (document.all) {
    // this is the way old msie versions work
    res = flip(document.all[szDivId]);
  }
  if(elem) {
    if(res == 0) elem.innerHTML = msg1; else elem.innerHTML = msg2;
  }

}

function toggleAllBoxes() {
  if (document.getElementsByTagName) {
    d = document.getElementsByTagName('div');
    for (i = 0; i < d.length; i++) {
      if (d[i].className == 'log') {
        flip(d[i]);
      }
    }
  }
}

// -->
</script>

</head>
<body>
<h2 align='center'>State Master</h2><table border='1' align="center">
<tr>
<td>Tests passed/Failed/Skipped:</td><td>3/2/0</td>
</tr><tr>
<td>Started on:</td><td>Thu Nov 16 10:25:20 IST 2017</td>
</tr>
<tr><td>Total time:</td><td>292 seconds (292223 ms)</td>
</tr><tr>
<td>Included groups:</td><td></td>
</tr><tr>
<td>Excluded groups:</td><td></td>
</tr>
</table><p/>
<small><i>(Hover the method name to see the test class name)</i></small><p/>
<table width='100%' border='1' class='invocation-failed'>
<tr><td colspan='4' align='center'><b>FAILED TESTS</b></td></tr>
<tr><td><b>Test method</b></td>
<td width="30%"><b>Exception</b></td>
<td width="10%"><b>Time (seconds)</b></td>
<td><b>Instance</b></td>
</tr>
<tr>
<td title='Module.RegionalSetup.TC008_StateMasterUploadData.Data_Upload()'><b>Data_Upload</b><br>Test class: Module.RegionalSetup.TC008_StateMasterUploadData<br>Parameters: india, 387, DHM, Yes, No<br/>
<a href="#Output-23332139" onClick='toggleBox("Output-23332139", this, "Show output", "Hide output");'>Show output</a>

<a href="#Output-23332139" onClick="toggleAllBoxes();">Show all outputs</a>
<div class='log' id="Output-23332139">
State Master Data Not Added successfully : page crashed<br/>
Completed Executing : TC008_StateMasterUploadData.Data_Upload<br/>
Test Method Resides : Module.RegionalSetup.TC008_StateMasterUploadData<br/>
Test Method had the following parameters : nullindia,387,DHM,Yes,No,<br/>
Test Status : FAILED<br/>
</div>
</td>
<td><div><pre>java.lang.AssertionError: Expected : [Record Saved Successfully.] But Found : [Enter State Code .]
	at Module.RegionalSetup.TC008_StateMasterUploadData.Data_Upload(TC008_StateMasterUploadData.java:88)
	at java.util.concurrent.FutureTask.run(Unknown Source)
	at java.util.concurrent.ThreadPoolExecutor.runWorker(Unknown Source)
	at java.util.concurrent.ThreadPoolExecutor$Worker.run(Unknown Source)
	at java.lang.Thread.run(Unknown Source)
... Removed 17 stack frames</pre></div><a href='#' onClick='toggleBox("stack-trace23332139", this, "Click to show all stack frames", "Click to hide stack frames")'>Click to show all stack frames</a>
<div class='stack-trace' id='stack-trace23332139'><pre>java.lang.AssertionError: Expected : [Record Saved Successfully.] But Found : [Enter State Code .]
	at org.testng.Assert.fail(Assert.java:94)
	at Module.RegionalSetup.TC008_StateMasterUploadData.Data_Upload(TC008_StateMasterUploadData.java:88)
	at sun.reflect.NativeMethodAccessorImpl.invoke0(Native Method)
	at sun.reflect.NativeMethodAccessorImpl.invoke(Unknown Source)
	at sun.reflect.DelegatingMethodAccessorImpl.invoke(Unknown Source)
	at java.lang.reflect.Method.invoke(Unknown Source)
	at org.testng.internal.MethodInvocationHelper.invokeMethod(MethodInvocationHelper.java:85)
	at org.testng.internal.Invoker.invokeMethod(Invoker.java:639)
	at org.testng.internal.Invoker.invokeTestMethod(Invoker.java:821)
	at org.testng.internal.Invoker.invokeTestMethods(Invoker.java:1131)
	at org.testng.internal.TestMethodWorker.invokeTestMethods(TestMethodWorker.java:124)
	at org.testng.internal.TestMethodWorker.run(TestMethodWorker.java:108)
	at org.testng.TestRunner.privateRun(TestRunner.java:773)
	at org.testng.TestRunner.run(TestRunner.java:623)
	at org.testng.SuiteRunner.runTest(SuiteRunner.java:357)
	at org.testng.SuiteRunner.access$000(SuiteRunner.java:39)
	at org.testng.SuiteRunner$SuiteWorker.run(SuiteRunner.java:391)
	at org.testng.internal.thread.ThreadUtil$2.call(ThreadUtil.java:64)
	at java.util.concurrent.FutureTask.run(Unknown Source)
	at java.util.concurrent.ThreadPoolExecutor.runWorker(Unknown Source)
	at java.util.concurrent.ThreadPoolExecutor$Worker.run(Unknown Source)
	at java.lang.Thread.run(Unknown Source)
</pre></div></td>
<td>13</td>
<td>Module.RegionalSetup.TC008_StateMasterUploadData@514af7</td></tr>
<tr>
<td title='Module.RegionalSetup.TC008_StateMasterUploadData.Data_Upload()'><b>Data_Upload</b><br>Test class: Module.RegionalSetup.TC008_StateMasterUploadData<br>Parameters: india, 388, DHJ, No, Yes<br/>
<a href="#Output-13458520" onClick='toggleBox("Output-13458520", this, "Show output", "Hide output");'>Show output</a>

<a href="#Output-13458520" onClick="toggleAllBoxes();">Show all outputs</a>
<div class='log' id="Output-13458520">
Completed Executing : TC008_StateMasterUploadData.Data_Upload<br/>
Test Method Resides : Module.RegionalSetup.TC008_StateMasterUploadData<br/>
Test Method had the following parameters : nullindia,388,DHJ,No,Yes,<br/>
Test Status : FAILED<br/>
</div>
</td>
<td><div><pre>org.openqa.selenium.NoAlertPresentException: No alert is present (WARNING: The server did not provide any stacktrace information)
Command duration or timeout: 2.21 seconds
Build info: version: &apos;2.48.2&apos;, revision: &apos;41bccdd&apos;, time: &apos;2015-10-09 19:55:52&apos;
System info: host: &apos;OSO-DTP-057&apos;, ip: &apos;192.168.32.37&apos;, os.name: &apos;Windows 8.1&apos;, os.arch: &apos;x86&apos;, os.version: &apos;6.3&apos;, java.version: &apos;1.8.0_25&apos;
Driver info: org.openqa.selenium.firefox.FirefoxDriver
Capabilities [{applicationCacheEnabled=true, rotatable=false, handlesAlerts=true, databaseEnabled=true, version=36.0.1, platform=WINDOWS, nativeEvents=false, acceptSslCerts=true, webStorageEnabled=true, locationContextEnabled=true, browserName=firefox, takesScreenshot=true, javascriptEnabled=true, cssSelectorsEnabled=true}]
Session ID: 6d61b8be-5026-412a-8bba-391afd49096c
	at org.openqa.selenium.remote.ErrorHandler.createThrowable(ErrorHandler.java:206)
	at org.openqa.selenium.remote.ErrorHandler.throwIfResponseFailed(ErrorHandler.java:158)
	at org.openqa.selenium.remote.RemoteWebDriver.execute(RemoteWebDriver.java:647)
	at org.openqa.selenium.remote.RemoteWebDriver.execute(RemoteWebDriver.java:670)
	at org.openqa.selenium.remote.RemoteWebDriver$RemoteTargetLocator.alert(RemoteWebDriver.java:1007)
	at pom.TestBase.BaseClass.AlertBoxText(BaseClass.java:249)
	at pom.ObjectPages.uiActions.StateMaster.Test_AddNewDataUpload(StateMaster.java:94)
	at Module.RegionalSetup.TC008_StateMasterUploadData.Data_Upload(TC008_StateMasterUploadData.java:76)
	at java.util.concurrent.FutureTask.run(Unknown Source)
	at java.util.concurrent.ThreadPoolExecutor.runWorker(Unknown Source)
	at java.util.concurrent.ThreadPoolExecutor$Worker.run(Unknown Source)
	at java.lang.Thread.run(Unknown Source)
... Removed 19 stack frames</pre></div><a href='#' onClick='toggleBox("stack-trace13458520", this, "Click to show all stack frames", "Click to hide stack frames")'>Click to show all stack frames</a>
<div class='stack-trace' id='stack-trace13458520'><pre>org.openqa.selenium.NoAlertPresentException: No alert is present (WARNING: The server did not provide any stacktrace information)
Command duration or timeout: 2.21 seconds
Build info: version: &apos;2.48.2&apos;, revision: &apos;41bccdd&apos;, time: &apos;2015-10-09 19:55:52&apos;
System info: host: &apos;OSO-DTP-057&apos;, ip: &apos;192.168.32.37&apos;, os.name: &apos;Windows 8.1&apos;, os.arch: &apos;x86&apos;, os.version: &apos;6.3&apos;, java.version: &apos;1.8.0_25&apos;
Driver info: org.openqa.selenium.firefox.FirefoxDriver
Capabilities [{applicationCacheEnabled=true, rotatable=false, handlesAlerts=true, databaseEnabled=true, version=36.0.1, platform=WINDOWS, nativeEvents=false, acceptSslCerts=true, webStorageEnabled=true, locationContextEnabled=true, browserName=firefox, takesScreenshot=true, javascriptEnabled=true, cssSelectorsEnabled=true}]
Session ID: 6d61b8be-5026-412a-8bba-391afd49096c
	at sun.reflect.GeneratedConstructorAccessor54.newInstance(Unknown Source)
	at sun.reflect.DelegatingConstructorAccessorImpl.newInstance(Unknown Source)
	at java.lang.reflect.Constructor.newInstance(Unknown Source)
	at org.openqa.selenium.remote.ErrorHandler.createThrowable(ErrorHandler.java:206)
	at org.openqa.selenium.remote.ErrorHandler.throwIfResponseFailed(ErrorHandler.java:158)
	at org.openqa.selenium.remote.RemoteWebDriver.execute(RemoteWebDriver.java:647)
	at org.openqa.selenium.remote.RemoteWebDriver.execute(RemoteWebDriver.java:670)
	at org.openqa.selenium.remote.RemoteWebDriver$RemoteTargetLocator.alert(RemoteWebDriver.java:1007)
	at pom.TestBase.BaseClass.AlertBoxText(BaseClass.java:249)
	at pom.ObjectPages.uiActions.StateMaster.Test_AddNewDataUpload(StateMaster.java:94)
	at Module.RegionalSetup.TC008_StateMasterUploadData.Data_Upload(TC008_StateMasterUploadData.java:76)
	at sun.reflect.NativeMethodAccessorImpl.invoke0(Native Method)
	at sun.reflect.NativeMethodAccessorImpl.invoke(Unknown Source)
	at sun.reflect.DelegatingMethodAccessorImpl.invoke(Unknown Source)
	at java.lang.reflect.Method.invoke(Unknown Source)
	at org.testng.internal.MethodInvocationHelper.invokeMethod(MethodInvocationHelper.java:85)
	at org.testng.internal.Invoker.invokeMethod(Invoker.java:639)
	at org.testng.internal.Invoker.invokeTestMethod(Invoker.java:821)
	at org.testng.internal.Invoker.invokeTestMethods(Invoker.java:1131)
	at org.testng.internal.TestMethodWorker.invokeTestMethods(TestMethodWorker.java:124)
	at org.testng.internal.TestMethodWorker.run(TestMethodWorker.java:108)
	at org.testng.TestRunner.privateRun(TestRunner.java:773)
	at org.testng.TestRunner.run(TestRunner.java:623)
	at org.testng.SuiteRunner.runTest(SuiteRunner.java:357)
	at org.testng.SuiteRunner.access$000(SuiteRunner.java:39)
	at org.testng.SuiteRunner$SuiteWorker.run(SuiteRunner.java:391)
	at org.testng.internal.thread.ThreadUtil$2.call(ThreadUtil.java:64)
	at java.util.concurrent.FutureTask.run(Unknown Source)
	at java.util.concurrent.ThreadPoolExecutor.runWorker(Unknown Source)
	at java.util.concurrent.ThreadPoolExecutor$Worker.run(Unknown Source)
	at java.lang.Thread.run(Unknown Source)
</pre></div></td>
<td>13</td>
<td>Module.RegionalSetup.TC008_StateMasterUploadData@514af7</td></tr>
</table><p>
<table width='100%' border='1' class='invocation-passed'>
<tr><td colspan='4' align='center'><b>PASSED TESTS</b></td></tr>
<tr><td><b>Test method</b></td>
<td width="30%"><b>Exception</b></td>
<td width="10%"><b>Time (seconds)</b></td>
<td><b>Instance</b></td>
</tr>
<tr>
<td title='Module.RegionalSetup.TC008_StateMasterUploadData.AddNew_Button()'><b>AddNew_Button</b><br>Test class: Module.RegionalSetup.TC008_StateMasterUploadData<br/>
<a href="#Output-2130118" onClick='toggleBox("Output-2130118", this, "Show output", "Hide output");'>Show output</a>

<a href="#Output-2130118" onClick="toggleAllBoxes();">Show all outputs</a>
<div class='log' id="Output-2130118">
Add New Button is working properly<br/>
Completed Executing : TC008_StateMasterUploadData.AddNew_Button<br/>
Test Case Name : AddNew_Button<br/>
Test Method Resides : Module.RegionalSetup.TC008_StateMasterUploadData<br/>
Test Status : PASSED<br/>
</div>
</td>
<td></td>
<td>3</td>
<td>Module.RegionalSetup.TC008_StateMasterUploadData@514af7</td></tr>
<tr>
<td title='Module.RegionalSetup.TC008_StateMasterUploadData.Login()'><b>Login</b><br>Test class: Module.RegionalSetup.TC008_StateMasterUploadData<br/>
<a href="#Output-32138100" onClick='toggleBox("Output-32138100", this, "Show output", "Hide output");'>Show output</a>

<a href="#Output-32138100" onClick="toggleAllBoxes();">Show all outputs</a>
<div class='log' id="Output-32138100">
Completed Executing : TC008_StateMasterUploadData.Login<br/>
Test Case Name : Login<br/>
Test Method Resides : Module.RegionalSetup.TC008_StateMasterUploadData<br/>
Test Status : PASSED<br/>
</div>
</td>
<td></td>
<td>1</td>
<td>Module.RegionalSetup.TC008_StateMasterUploadData@514af7</td></tr>
<tr>
<td title='Module.RegionalSetup.TC008_StateMasterUploadData.Target_Page()'><b>Target_Page</b><br>Test class: Module.RegionalSetup.TC008_StateMasterUploadData<br/>
<a href="#Output-29106387" onClick='toggleBox("Output-29106387", this, "Show output", "Hide output");'>Show output</a>

<a href="#Output-29106387" onClick="toggleAllBoxes();">Show all outputs</a>
<div class='log' id="Output-29106387">
Target page is open successfully<br/>
Completed Executing : TC008_StateMasterUploadData.Target_Page<br/>
Test Case Name : Target_Page<br/>
Test Method Resides : Module.RegionalSetup.TC008_StateMasterUploadData<br/>
Test Status : PASSED<br/>
</div>
</td>
<td></td>
<td>170</td>
<td>Module.RegionalSetup.TC008_StateMasterUploadData@514af7</td></tr>
</table><p>
</body>
</html>