<?xml version="1.0" encoding="UTF-8"?>
<!-- Generated by org.testng.reporters.JUnitReportReporter -->
<testsuite hostname="OSO-DTP-057" name="Module.ApplicationMonitor.TC026_ParameterGroupMasterUploadData" tests="6" failures="0" timestamp="16 Nov 2017 05:49:36 GMT" time="178.441" errors="1">
  <testcase name="Data_Upload" time="11.077" classname="Module.ApplicationMonitor.TC026_ParameterGroupMasterUploadData"/>
  <testcase name="AddNew_Button" time="13.019" classname="Module.ApplicationMonitor.TC026_ParameterGroupMasterUploadData"/>
  <testcase name="Target_Page" time="131.799" classname="Module.ApplicationMonitor.TC026_ParameterGroupMasterUploadData"/>
  <testcase name="Login" time="3.948" classname="Module.ApplicationMonitor.TC026_ParameterGroupMasterUploadData"/>
  <testcase name="Data_Upload" time="10.571" classname="Module.ApplicationMonitor.TC026_ParameterGroupMasterUploadData"/>
  <testcase name="Edit_Record" time="8.027" classname="Module.ApplicationMonitor.TC026_ParameterGroupMasterUploadData">
    <error type="org.testng.SkipException" message="Not Found Element : Parameter Group Code">
      <![CDATA[org.testng.SkipException: Not Found Element : Parameter Group Code
	at pom.TestBase.BaseClass.Clear(BaseClass.java:137)
	at pom.TestBase.CommonMethods.Test_Edit_Record(CommonMethods.java:150)
	at pom.ObjectPages.uiActions.ParameterGroupMaster.Test_EditRecord(ParameterGroupMaster.java:103)
	at Module.ApplicationMonitor.TC026_ParameterGroupMasterUploadData.Edit_Record(TC026_ParameterGroupMasterUploadData.java:102)
	at sun.reflect.NativeMethodAccessorImpl.invoke0(Native Method)
	at sun.reflect.NativeMethodAccessorImpl.invoke(Unknown Source)
	at sun.reflect.DelegatingMethodAccessorImpl.invoke(Unknown Source)
	at java.lang.reflect.Method.invoke(Unknown Source)
	at org.testng.internal.MethodInvocationHelper.invokeMethod(MethodInvocationHelper.java:85)
	at org.testng.internal.Invoker.invokeMethod(Invoker.java:639)
	at org.testng.internal.Invoker.invokeTestMethod(Invoker.java:821)
	at org.testng.internal.Invoker.invokeTestMethods(Invoker.java:1131)
	at org.testng.internal.TestMethodWorker.invokeTestMethods(TestMethodWorker.java:124)
	at org.testng.internal.TestMethodWorker.run(TestMethodWorker.java:108)
	at org.testng.TestRunner.privateRun(TestRunner.java:773)
	at org.testng.TestRunner.run(TestRunner.java:623)
	at org.testng.SuiteRunner.runTest(SuiteRunner.java:357)
	at org.testng.SuiteRunner.access$000(SuiteRunner.java:39)
	at org.testng.SuiteRunner$SuiteWorker.run(SuiteRunner.java:391)
	at org.testng.internal.thread.ThreadUtil$2.call(ThreadUtil.java:64)
	at java.util.concurrent.FutureTask.run(Unknown Source)
	at java.util.concurrent.ThreadPoolExecutor.runWorker(Unknown Source)
	at java.util.concurrent.ThreadPoolExecutor$Worker.run(Unknown Source)
	at java.lang.Thread.run(Unknown Source)
]]>
    </error>
  </testcase> <!-- Edit_Record -->
</testsuite> <!-- Module.ApplicationMonitor.TC026_ParameterGroupMasterUploadData -->
