<?xml version="1.0" encoding="UTF-8"?>
<!-- Generated by org.testng.reporters.JUnitReportReporter -->
<testsuite hostname="OSO-DTP-057" name="GeneralSetup.TC005_PolicyMasterAccessUploadData" tests="4" failures="0" timestamp="5 Sep 2017 07:18:28 GMT" time="7.804" errors="4">
  <testcase name="Target_Page" time="2.799" classname="GeneralSetup.TC005_PolicyMasterAccessUploadData">
    <error type="org.testng.SkipException" message="Not Found Element : Enterprise Setup">
      <![CDATA[org.testng.SkipException: Not Found Element : Enterprise Setup
	at pom.TestBase.BaseClass.click(BaseClass.java:68)
	at pom.TestBase.CommonMethods.TargetPageEnterpriseSetup(CommonMethods.java:78)
	at pom.ObjectPages.uiActions.PolicyMasterAccess.Test_Open_Target_Page(PolicyMasterAccess.java:64)
	at GeneralSetup.TC005_PolicyMasterAccessUploadData.Target_Page(TC005_PolicyMasterAccessUploadData.java:61)
	at sun.reflect.NativeMethodAccessorImpl.invoke0(Native Method)
	at sun.reflect.NativeMethodAccessorImpl.invoke(Unknown Source)
	at sun.reflect.DelegatingMethodAccessorImpl.invoke(Unknown Source)
	at java.lang.reflect.Method.invoke(Unknown Source)
	at org.testng.internal.MethodInvocationHelper.invokeMethod(MethodInvocationHelper.java:85)
	at org.testng.internal.Invoker.invokeMethod(Invoker.java:639)
	at org.testng.internal.Invoker.invokeTestMethod(Invoker.java:821)
	at org.testng.internal.Invoker.invokeTestMethods(Invoker.java:1131)
	at org.testng.internal.TestMethodWorker.invokeTestMethods(TestMethodWorker.java:124)
	at org.testng.internal.TestMethodWorker.run(TestMethodWorker.java:108)
	at org.testng.TestRunner.privateRun(TestRunner.java:773)
	at org.testng.TestRunner.run(TestRunner.java:623)
	at org.testng.SuiteRunner.runTest(SuiteRunner.java:357)
	at org.testng.SuiteRunner.access$000(SuiteRunner.java:39)
	at org.testng.SuiteRunner$SuiteWorker.run(SuiteRunner.java:391)
	at org.testng.internal.thread.ThreadUtil$2.call(ThreadUtil.java:64)
	at java.util.concurrent.FutureTask.run(Unknown Source)
	at java.util.concurrent.ThreadPoolExecutor.runWorker(Unknown Source)
	at java.util.concurrent.ThreadPoolExecutor$Worker.run(Unknown Source)
	at java.lang.Thread.run(Unknown Source)
]]>
    </error>
  </testcase> <!-- Target_Page -->
  <testcase name="Login" time="2.709" classname="GeneralSetup.TC005_PolicyMasterAccessUploadData">
    <error type="org.testng.SkipException" message="Not Executed this test case">
      <![CDATA[org.testng.SkipException: Not Executed this test case
	at GeneralSetup.TC005_PolicyMasterAccessUploadData.Login(TC005_PolicyMasterAccessUploadData.java:53)
	at sun.reflect.NativeMethodAccessorImpl.invoke0(Native Method)
	at sun.reflect.NativeMethodAccessorImpl.invoke(Unknown Source)
	at sun.reflect.DelegatingMethodAccessorImpl.invoke(Unknown Source)
	at java.lang.reflect.Method.invoke(Unknown Source)
	at org.testng.internal.MethodInvocationHelper.invokeMethod(MethodInvocationHelper.java:85)
	at org.testng.internal.Invoker.invokeMethod(Invoker.java:639)
	at org.testng.internal.Invoker.invokeTestMethod(Invoker.java:821)
	at org.testng.internal.Invoker.invokeTestMethods(Invoker.java:1131)
	at org.testng.internal.TestMethodWorker.invokeTestMethods(TestMethodWorker.java:124)
	at org.testng.internal.TestMethodWorker.run(TestMethodWorker.java:108)
	at org.testng.TestRunner.privateRun(TestRunner.java:773)
	at org.testng.TestRunner.run(TestRunner.java:623)
	at org.testng.SuiteRunner.runTest(SuiteRunner.java:357)
	at org.testng.SuiteRunner.access$000(SuiteRunner.java:39)
	at org.testng.SuiteRunner$SuiteWorker.run(SuiteRunner.java:391)
	at org.testng.internal.thread.ThreadUtil$2.call(ThreadUtil.java:64)
	at java.util.concurrent.FutureTask.run(Unknown Source)
	at java.util.concurrent.ThreadPoolExecutor.runWorker(Unknown Source)
	at java.util.concurrent.ThreadPoolExecutor$Worker.run(Unknown Source)
	at java.lang.Thread.run(Unknown Source)
]]>
    </error>
  </testcase> <!-- Login -->
  <testcase name="AddNew_Button" time="2.296" classname="GeneralSetup.TC005_PolicyMasterAccessUploadData">
    <error type="org.testng.SkipException" message="Not Found Element : Policy Master Access Add new Button">
      <![CDATA[org.testng.SkipException: Not Found Element : Policy Master Access Add new Button
	at pom.TestBase.BaseClass.click(BaseClass.java:68)
	at pom.TestBase.CommonMethods.AddNewButton(CommonMethods.java:101)
	at pom.ObjectPages.uiActions.PolicyMasterAccess.Test_AddNew_Button(PolicyMasterAccess.java:69)
	at GeneralSetup.TC005_PolicyMasterAccessUploadData.AddNew_Button(TC005_PolicyMasterAccessUploadData.java:67)
	at sun.reflect.NativeMethodAccessorImpl.invoke0(Native Method)
	at sun.reflect.NativeMethodAccessorImpl.invoke(Unknown Source)
	at sun.reflect.DelegatingMethodAccessorImpl.invoke(Unknown Source)
	at java.lang.reflect.Method.invoke(Unknown Source)
	at org.testng.internal.MethodInvocationHelper.invokeMethod(MethodInvocationHelper.java:85)
	at org.testng.internal.Invoker.invokeMethod(Invoker.java:639)
	at org.testng.internal.Invoker.invokeTestMethod(Invoker.java:821)
	at org.testng.internal.Invoker.invokeTestMethods(Invoker.java:1131)
	at org.testng.internal.TestMethodWorker.invokeTestMethods(TestMethodWorker.java:124)
	at org.testng.internal.TestMethodWorker.run(TestMethodWorker.java:108)
	at org.testng.TestRunner.privateRun(TestRunner.java:773)
	at org.testng.TestRunner.run(TestRunner.java:623)
	at org.testng.SuiteRunner.runTest(SuiteRunner.java:357)
	at org.testng.SuiteRunner.access$000(SuiteRunner.java:39)
	at org.testng.SuiteRunner$SuiteWorker.run(SuiteRunner.java:391)
	at org.testng.internal.thread.ThreadUtil$2.call(ThreadUtil.java:64)
	at java.util.concurrent.FutureTask.run(Unknown Source)
	at java.util.concurrent.ThreadPoolExecutor.runWorker(Unknown Source)
	at java.util.concurrent.ThreadPoolExecutor$Worker.run(Unknown Source)
	at java.lang.Thread.run(Unknown Source)
]]>
    </error>
  </testcase> <!-- AddNew_Button -->
  <testcase name="Data_Upload" time="0.000" classname="GeneralSetup.TC005_PolicyMasterAccessUploadData">
    <error type="java.lang.Throwable" message="Method TC005_PolicyMasterAccessUploadData.Data_Upload(java.lang.String)[pri:0, instance:GeneralSetup.TC005_PolicyMasterAccessUploadData@1acf68f] depends on not successfully finished methods in group &quot;PMAAddNewButton&quot;">
      <![CDATA[java.lang.Throwable: Method TC005_PolicyMasterAccessUploadData.Data_Upload(java.lang.String)[pri:0, instance:GeneralSetup.TC005_PolicyMasterAccessUploadData@1acf68f] depends on not successfully finished methods in group "PMAAddNewButton"
	at org.testng.internal.Invoker.invokeTestMethods(Invoker.java:1040)
	at org.testng.internal.TestMethodWorker.invokeTestMethods(TestMethodWorker.java:124)
	at org.testng.internal.TestMethodWorker.run(TestMethodWorker.java:108)
	at org.testng.TestRunner.privateRun(TestRunner.java:773)
	at org.testng.TestRunner.run(TestRunner.java:623)
	at org.testng.SuiteRunner.runTest(SuiteRunner.java:357)
	at org.testng.SuiteRunner.access$000(SuiteRunner.java:39)
	at org.testng.SuiteRunner$SuiteWorker.run(SuiteRunner.java:391)
	at org.testng.internal.thread.ThreadUtil$2.call(ThreadUtil.java:64)
	at java.util.concurrent.FutureTask.run(Unknown Source)
	at java.util.concurrent.ThreadPoolExecutor.runWorker(Unknown Source)
	at java.util.concurrent.ThreadPoolExecutor$Worker.run(Unknown Source)
	at java.lang.Thread.run(Unknown Source)
]]>
    </error>
  </testcase> <!-- Data_Upload -->
</testsuite> <!-- GeneralSetup.TC005_PolicyMasterAccessUploadData -->
